[30-Sep-2017 18:25:52 UTC] PHP Fatal error:  Allowed memory size of 134217728 bytes exhausted (tried to allocate 2097160 bytes) in /home/rkhomeappliances/public_html/vendor/oyejorge/less.php/lib/Less/Output.php on line 27
[30-Sep-2017 18:25:53 UTC] PHP Fatal error:  Allowed memory size of 134217728 bytes exhausted (tried to allocate 2097160 bytes) in /home/rkhomeappliances/public_html/vendor/oyejorge/less.php/lib/Less/Output.php on line 27
[30-Sep-2017 21:15:39 UTC] PHP Fatal error:  Out of memory (allocated 2097152) (tried to allocate 65536 bytes) in /home/rkhomeappliances/public_html/vendor/composer/ClassLoader.php on line 444
[30-Sep-2017 23:16:04 UTC] PHP Fatal error:  Allowed memory size of 134217728 bytes exhausted (tried to allocate 266240 bytes) in /home/rkhomeappliances/public_html/vendor/zendframework/zend-code/src/Scanner/FileScanner.php on line 36
[30-Sep-2017 23:16:24 UTC] PHP Fatal error:  Uncaught Error: Class 'Cli' not found in /home/rkhomeappliances/public_html/bin/magento:31
Stack trace:
#0 {main}
  thrown in /home/rkhomeappliances/public_html/bin/magento on line 31
[30-Sep-2017 23:16:44 UTC] PHP Fatal error:  Allowed memory size of 134217728 bytes exhausted (tried to allocate 266240 bytes) in /home/rkhomeappliances/public_html/vendor/zendframework/zend-code/src/Scanner/FileScanner.php on line 36
[30-Sep-2017 23:21:13 UTC] PHP Fatal error:  Uncaught Error: Class 'Cli' not found in /home/rkhomeappliances/public_html/bin/magento:31
Stack trace:
#0 {main}
  thrown in /home/rkhomeappliances/public_html/bin/magento on line 31
[30-Sep-2017 23:21:16 UTC] PHP Fatal error:  Uncaught Error: Class 'Cli' not found in /home/rkhomeappliances/public_html/bin/magento:31
Stack trace:
#0 {main}
  thrown in /home/rkhomeappliances/public_html/bin/magento on line 31
[04-Oct-2017 12:42:16 UTC] PHP Fatal error:  Class 'Owebia\AdvancedSettingCore\Block\System\Config\Form\Field\AbstractField' not found in /home/rkhomeappliances/public_html/app/code/Owebia/AdvancedShippingSetting/Block/System/Config/Form/Field/About.php on line 9
[04-Oct-2017 12:42:37 UTC] PHP Fatal error:  Class 'Owebia\AdvancedSettingCore\Block\System\Config\Form\Field\AbstractField' not found in /home/rkhomeappliances/public_html/app/code/Owebia/AdvancedShippingSetting/Block/System/Config/Form/Field/About.php on line 9
[04-Oct-2017 12:42:44 UTC] PHP Fatal error:  Class 'Owebia\AdvancedSettingCore\Block\System\Config\Form\Field\AbstractField' not found in /home/rkhomeappliances/public_html/app/code/Owebia/AdvancedShippingSetting/Block/System/Config/Form/Field/About.php on line 9
[04-Oct-2017 12:42:49 UTC] PHP Fatal error:  Class 'Owebia\AdvancedSettingCore\Block\System\Config\Form\Field\AbstractField' not found in /home/rkhomeappliances/public_html/app/code/Owebia/AdvancedShippingSetting/Block/System/Config/Form/Field/About.php on line 9
[10-Oct-2017 09:28:52 UTC] PHP Fatal error:  Uncaught Error: Call to undefined function Magento\Checkout\Block\Onepage\sendsms() in /home/rkhomeappliances/public_html/vendor/magento/module-checkout/Block/Onepage/Success.php:102
Stack trace:
#0 /home/rkhomeappliances/public_html/vendor/magento/module-checkout/Block/Onepage/Success.php(72): Magento\Checkout\Block\Onepage\Success->prepareBlockData()
#1 /home/rkhomeappliances/public_html/vendor/magento/framework/View/Element/AbstractBlock.php(658): Magento\Checkout\Block\Onepage\Success->_beforeToHtml()
#2 /home/rkhomeappliances/public_html/vendor/magento/framework/View/Layout.php(542): Magento\Framework\View\Element\AbstractBlock->toHtml()
#3 /home/rkhomeappliances/public_html/vendor/magento/framework/View/Layout.php(518): Magento\Framework\View\Layout->_renderBlock('checkout.succes...')
#4 /home/rkhomeappliances/public_html/var/generation/Magento/Framework/View/Layout/Interceptor.php(206): Magento\Framework\View\Layout->renderNonCachedElement('checkout.succes...')
#5 /home/rkhomeappliances/public_html/ven in /home/rkhomeappliances/public_html/vendor/magento/module-checkout/Block/Onepage/Success.php on line 102
[10-Oct-2017 09:37:13 UTC] PHP Fatal error:  Cannot redeclare Magento\Checkout\Block\Onepage\Success::getSomething() in /home/rkhomeappliances/public_html/vendor/magento/module-checkout/Block/Onepage/Success.php on line 108
[10-Oct-2017 10:40:08 UTC] PHP Fatal error:  Uncaught Error: Call to undefined function Magento\Checkout\Block\Onepage\sendsms() in /home/rkhomeappliances/public_html/vendor/magento/module-checkout/Block/Onepage/Success.php:101
Stack trace:
#0 /home/rkhomeappliances/public_html/vendor/magento/module-checkout/Block/Onepage/Success.php(72): Magento\Checkout\Block\Onepage\Success->prepareBlockData()
#1 /home/rkhomeappliances/public_html/vendor/magento/framework/View/Element/AbstractBlock.php(658): Magento\Checkout\Block\Onepage\Success->_beforeToHtml()
#2 /home/rkhomeappliances/public_html/vendor/magento/framework/View/Layout.php(542): Magento\Framework\View\Element\AbstractBlock->toHtml()
#3 /home/rkhomeappliances/public_html/vendor/magento/framework/View/Layout.php(518): Magento\Framework\View\Layout->_renderBlock('checkout.succes...')
#4 /home/rkhomeappliances/public_html/var/generation/Magento/Framework/View/Layout/Interceptor.php(206): Magento\Framework\View\Layout->renderNonCachedElement('checkout.succes...')
#5 /home/rkhomeappliances/public_html/ven in /home/rkhomeappliances/public_html/vendor/magento/module-checkout/Block/Onepage/Success.php on line 101
[10-Oct-2017 11:27:21 UTC] PHP Fatal error:  Uncaught Error: Call to undefined function Magento\Checkout\Block\Onepage\sendsms() in /home/rkhomeappliances/public_html/vendor/magento/module-checkout/Block/Onepage/Success.php:112
Stack trace:
#0 /home/rkhomeappliances/public_html/vendor/magento/module-checkout/Block/Onepage/Success.php(87): Magento\Checkout\Block\Onepage\Success->isVisible(Object(Magento\Sales\Model\Order))
#1 /home/rkhomeappliances/public_html/vendor/magento/module-checkout/Block/Onepage/Success.php(72): Magento\Checkout\Block\Onepage\Success->prepareBlockData()
#2 /home/rkhomeappliances/public_html/vendor/magento/framework/View/Element/AbstractBlock.php(658): Magento\Checkout\Block\Onepage\Success->_beforeToHtml()
#3 /home/rkhomeappliances/public_html/vendor/magento/framework/View/Layout.php(542): Magento\Framework\View\Element\AbstractBlock->toHtml()
#4 /home/rkhomeappliances/public_html/vendor/magento/framework/View/Layout.php(518): Magento\Framework\View\Layout->_renderBlock('checkout.succes...')
#5 /home/rkhomeappliances/public_html in /home/rkhomeappliances/public_html/vendor/magento/module-checkout/Block/Onepage/Success.php on line 112
[10-Oct-2017 12:36:25 UTC] PHP Fatal error:  Uncaught Magento\Framework\Exception\FileSystemException: The file "/home/rkhomeappliances/public_html/var/cache/mage-tags/mage---ba2_CATALOG_PRODUCT_VIEW_SKU_DISCOVERY_20KADAI" cannot be deleted Warning!unlink(/home/rkhomeappliances/public_html/var/cache/mage-tags/mage---ba2_CATALOG_PRODUCT_VIEW_SKU_DISCOVERY_20KADAI): No such file or directory in /home/rkhomeappliances/public_html/vendor/magento/framework/Filesystem/Driver/File.php:382
Stack trace:
#0 /home/rkhomeappliances/public_html/vendor/magento/framework/Filesystem/Driver/File.php(405): Magento\Framework\Filesystem\Driver\File->deleteFile('/home/rkhomeapp...')
#1 /home/rkhomeappliances/public_html/vendor/magento/framework/Filesystem/Driver/File.php(403): Magento\Framework\Filesystem\Driver\File->deleteDirectory('/home/rkhomeapp...')
#2 /home/rkhomeappliances/public_html/vendor/magento/framework/Filesystem/Directory/Write.php(174): Magento\Framework\Filesystem\Driver\File->deleteDirectory('/home/rkhomeapp...')
#3 /home/rkhomeappliances/public_html/vend in /home/rkhomeappliances/public_html/vendor/magento/framework/Filesystem/Driver/File.php on line 382
[10-Oct-2017 12:36:25 UTC] PHP Fatal error:  Uncaught Magento\Framework\Exception\FileSystemException: The file "/home/rkhomeappliances/public_html/var/cache/mage-tags/mage---ba2_CATALOG_PRODUCT_VIEW_SKU_DISCOVERY_20KADAI" cannot be deleted Warning!unlink(/home/rkhomeappliances/public_html/var/cache/mage-tags/mage---ba2_CATALOG_PRODUCT_VIEW_SKU_DISCOVERY_20KADAI): No such file or directory in /home/rkhomeappliances/public_html/vendor/magento/framework/Filesystem/Driver/File.php:382
Stack trace:
#0 /home/rkhomeappliances/public_html/vendor/magento/framework/Filesystem/Driver/File.php(405): Magento\Framework\Filesystem\Driver\File->deleteFile('/home/rkhomeapp...')
#1 /home/rkhomeappliances/public_html/vendor/magento/framework/Filesystem/Driver/File.php(403): Magento\Framework\Filesystem\Driver\File->deleteDirectory('/home/rkhomeapp...')
#2 /home/rkhomeappliances/public_html/vendor/magento/framework/Filesystem/Directory/Write.php(174): Magento\Framework\Filesystem\Driver\File->deleteDirectory('/home/rkhomeapp...')
#3 /home/rkhomeappliances/public_html/vend in /home/rkhomeappliances/public_html/vendor/magento/framework/Filesystem/Driver/File.php on line 382
[10-Oct-2017 12:36:25 UTC] PHP Fatal error:  Uncaught Magento\Framework\Exception\FileSystemException: The file "/home/rkhomeappliances/public_html/var/cache/mage-tags/mage---ba2_CATALOG_PRODUCT_84" cannot be deleted Warning!unlink(/home/rkhomeappliances/public_html/var/cache/mage-tags/mage---ba2_CATALOG_PRODUCT_84): No such file or directory in /home/rkhomeappliances/public_html/vendor/magento/framework/Filesystem/Driver/File.php:382
Stack trace:
#0 /home/rkhomeappliances/public_html/vendor/magento/framework/Filesystem/Driver/File.php(405): Magento\Framework\Filesystem\Driver\File->deleteFile('/home/rkhomeapp...')
#1 /home/rkhomeappliances/public_html/vendor/magento/framework/Filesystem/Driver/File.php(403): Magento\Framework\Filesystem\Driver\File->deleteDirectory('/home/rkhomeapp...')
#2 /home/rkhomeappliances/public_html/vendor/magento/framework/Filesystem/Directory/Write.php(174): Magento\Framework\Filesystem\Driver\File->deleteDirectory('/home/rkhomeapp...')
#3 /home/rkhomeappliances/public_html/vendor/magento/framework/Code/GeneratedFiles.php(96) in /home/rkhomeappliances/public_html/vendor/magento/framework/Filesystem/Driver/File.php on line 382
[10-Oct-2017 12:36:25 UTC] PHP Fatal error:  Uncaught Magento\Framework\Exception\FileSystemException: The file "/home/rkhomeappliances/public_html/var/cache/mage-tags/mage---ba2_CATALOG_PRODUCT_53" cannot be deleted Warning!unlink(/home/rkhomeappliances/public_html/var/cache/mage-tags/mage---ba2_CATALOG_PRODUCT_53): No such file or directory in /home/rkhomeappliances/public_html/vendor/magento/framework/Filesystem/Driver/File.php:382
Stack trace:
#0 /home/rkhomeappliances/public_html/vendor/magento/framework/Filesystem/Driver/File.php(405): Magento\Framework\Filesystem\Driver\File->deleteFile('/home/rkhomeapp...')
#1 /home/rkhomeappliances/public_html/vendor/magento/framework/Filesystem/Driver/File.php(403): Magento\Framework\Filesystem\Driver\File->deleteDirectory('/home/rkhomeapp...')
#2 /home/rkhomeappliances/public_html/vendor/magento/framework/Filesystem/Directory/Write.php(174): Magento\Framework\Filesystem\Driver\File->deleteDirectory('/home/rkhomeapp...')
#3 /home/rkhomeappliances/public_html/vendor/magento/framework/Code/GeneratedFiles.php(96) in /home/rkhomeappliances/public_html/vendor/magento/framework/Filesystem/Driver/File.php on line 382
[10-Oct-2017 12:36:26 UTC] PHP Fatal error:  Uncaught Magento\Framework\Exception\FileSystemException: The file "/home/rkhomeappliances/public_html/var/cache/mage-tags/mage---ba2_CATALOG_PRODUCT_36" cannot be deleted Warning!unlink(/home/rkhomeappliances/public_html/var/cache/mage-tags/mage---ba2_CATALOG_PRODUCT_36): No such file or directory in /home/rkhomeappliances/public_html/vendor/magento/framework/Filesystem/Driver/File.php:382
Stack trace:
#0 /home/rkhomeappliances/public_html/vendor/magento/framework/Filesystem/Driver/File.php(405): Magento\Framework\Filesystem\Driver\File->deleteFile('/home/rkhomeapp...')
#1 /home/rkhomeappliances/public_html/vendor/magento/framework/Filesystem/Driver/File.php(403): Magento\Framework\Filesystem\Driver\File->deleteDirectory('/home/rkhomeapp...')
#2 /home/rkhomeappliances/public_html/vendor/magento/framework/Filesystem/Directory/Write.php(174): Magento\Framework\Filesystem\Driver\File->deleteDirectory('/home/rkhomeapp...')
#3 /home/rkhomeappliances/public_html/vendor/magento/framework/Code/GeneratedFiles.php(96) in /home/rkhomeappliances/public_html/vendor/magento/framework/Filesystem/Driver/File.php on line 382
[11-Oct-2017 05:47:37 UTC] PHP Fatal error:  Uncaught Error: Call to undefined function Magento\Checkout\Block\Onepage\Outstock() in /home/rkhomeappliances/public_html/vendor/magento/module-checkout/Block/Onepage/Success.php:101
Stack trace:
#0 /home/rkhomeappliances/public_html/vendor/magento/module-checkout/Block/Onepage/Success.php(72): Magento\Checkout\Block\Onepage\Success->prepareBlockData()
#1 /home/rkhomeappliances/public_html/vendor/magento/framework/View/Element/AbstractBlock.php(658): Magento\Checkout\Block\Onepage\Success->_beforeToHtml()
#2 /home/rkhomeappliances/public_html/vendor/magento/framework/View/Layout.php(542): Magento\Framework\View\Element\AbstractBlock->toHtml()
#3 /home/rkhomeappliances/public_html/vendor/magento/framework/View/Layout.php(518): Magento\Framework\View\Layout->_renderBlock('checkout.succes...')
#4 /home/rkhomeappliances/public_html/var/generation/Magento/Framework/View/Layout/Interceptor.php(206): Magento\Framework\View\Layout->renderNonCachedElement('checkout.succes...')
#5 /home/rkhomeappliances/public_html/ve in /home/rkhomeappliances/public_html/vendor/magento/module-checkout/Block/Onepage/Success.php on line 101
[11-Oct-2017 06:45:28 UTC] PHP Fatal error:  Out of memory (allocated 20971520) (tried to allocate 32768 bytes) in /home/rkhomeappliances/public_html/vendor/magento/module-theme/Model/Theme/Registration.php on line 1
[11-Oct-2017 11:42:33 UTC] PHP Fatal error:  Constant expression contains invalid operations in /home/rkhomeappliances/public_html/app/code/send/sms/Block/sendsms.php on line 25
[11-Oct-2017 11:45:03 UTC] PHP Fatal error:  Constant expression contains invalid operations in /home/rkhomeappliances/public_html/app/code/send/sms/Block/sendsms.php on line 25
[11-Oct-2017 11:47:58 UTC] PHP Fatal error:  Constant expression contains invalid operations in /home/rkhomeappliances/public_html/app/code/send/sms/Block/sendsms.php on line 30
[11-Oct-2017 11:50:49 UTC] PHP Fatal error:  Constant expression contains invalid operations in /home/rkhomeappliances/public_html/app/code/send/sms/Block/sendsms.php on line 31
[11-Oct-2017 12:03:17 UTC] PHP Fatal error:  Uncaught Error: Call to undefined function sendsms() in /home/rkhomeappliances/public_html/app/code/send/sms/view/frontend/templates/sendsms.phtml:10
Stack trace:
#0 /home/rkhomeappliances/public_html/vendor/magento/framework/View/TemplateEngine/Php.php(59): include()
#1 /home/rkhomeappliances/public_html/vendor/magento/framework/View/Element/Template.php(255): Magento\Framework\View\TemplateEngine\Php->render(Object(send\sms\Block\sendsms), '/home/rkhomeapp...', Array)
#2 /home/rkhomeappliances/public_html/vendor/magento/framework/View/Element/Template.php(279): Magento\Framework\View\Element\Template->fetchView('/home/rkhomeapp...')
#3 /home/rkhomeappliances/public_html/vendor/magento/framework/View/Element/AbstractBlock.php(659): Magento\Framework\View\Element\Template->_toHtml()
#4 /home/rkhomeappliances/public_html/vendor/magento/framework/View/Layout.php(542): Magento\Framework\View\Element\AbstractBlock->toHtml()
#5 /home/rkhomeappliances/public_html/vendor/magento/framework/View/Layout.php(518): Magen in /home/rkhomeappliances/public_html/app/code/send/sms/view/frontend/templates/sendsms.phtml on line 10
[12-Oct-2017 06:36:46 UTC] PHP Parse error:  syntax error, unexpected '$YourAPIKey' (T_VARIABLE), expecting function (T_FUNCTION) in /home/rkhomeappliances/public_html/app/code/send/sms/Block/sendsms.php on line 23
[12-Oct-2017 10:15:17 UTC] PHP Fatal error:  Uncaught Error: Call to a member function getTelephone() on null in /home/rkhomeappliances/public_html/app/code/send/sms/Block/sendsms.php:44
Stack trace:
#0 /home/rkhomeappliances/public_html/vendor/magento/framework/View/Element/AbstractBlock.php(264): send\sms\Block\sendsms->_prepareLayout()
#1 /home/rkhomeappliances/public_html/vendor/magento/framework/View/Layout/Generator/Block.php(139): Magento\Framework\View\Element\AbstractBlock->setLayout(Object(Magento\Framework\View\Layout\Interceptor))
#2 /home/rkhomeappliances/public_html/vendor/magento/framework/View/Layout/GeneratorPool.php(86): Magento\Framework\View\Layout\Generator\Block->process(Object(Magento\Framework\View\Layout\Reader\Context), Object(Magento\Framework\View\Layout\Generator\Context))
#3 /home/rkhomeappliances/public_html/vendor/magento/framework/View/Layout.php(327): Magento\Framework\View\Layout\GeneratorPool->process(Object(Magento\Framework\View\Layout\Reader\Context), Object(Magento\Framework\View\Layout\Generator\Context))
#4 /hom in /home/rkhomeappliances/public_html/app/code/send/sms/Block/sendsms.php on line 44
[12-Oct-2017 10:22:30 UTC] PHP Fatal error:  Uncaught Error: Call to a member function getTelephoe() on null in /home/rkhomeappliances/public_html/app/code/send/sms/Block/sendsms.php:45
Stack trace:
#0 /home/rkhomeappliances/public_html/vendor/magento/framework/View/Element/AbstractBlock.php(264): send\sms\Block\sendsms->_prepareLayout()
#1 /home/rkhomeappliances/public_html/vendor/magento/framework/View/Layout/Generator/Block.php(139): Magento\Framework\View\Element\AbstractBlock->setLayout(Object(Magento\Framework\View\Layout\Interceptor))
#2 /home/rkhomeappliances/public_html/vendor/magento/framework/View/Layout/GeneratorPool.php(86): Magento\Framework\View\Layout\Generator\Block->process(Object(Magento\Framework\View\Layout\Reader\Context), Object(Magento\Framework\View\Layout\Generator\Context))
#3 /home/rkhomeappliances/public_html/vendor/magento/framework/View/Layout.php(327): Magento\Framework\View\Layout\GeneratorPool->process(Object(Magento\Framework\View\Layout\Reader\Context), Object(Magento\Framework\View\Layout\Generator\Context))
#4 /home in /home/rkhomeappliances/public_html/app/code/send/sms/Block/sendsms.php on line 45
[12-Oct-2017 10:35:24 UTC] PHP Fatal error:  Uncaught Error: Call to a member function getTelephoe() on null in /home/rkhomeappliances/public_html/app/code/send/sms/Block/sendsms.php:45
Stack trace:
#0 /home/rkhomeappliances/public_html/vendor/magento/framework/View/Element/AbstractBlock.php(264): send\sms\Block\sendsms->_prepareLayout()
#1 /home/rkhomeappliances/public_html/vendor/magento/framework/View/Layout/Generator/Block.php(139): Magento\Framework\View\Element\AbstractBlock->setLayout(Object(Magento\Framework\View\Layout\Interceptor))
#2 /home/rkhomeappliances/public_html/vendor/magento/framework/View/Layout/GeneratorPool.php(86): Magento\Framework\View\Layout\Generator\Block->process(Object(Magento\Framework\View\Layout\Reader\Context), Object(Magento\Framework\View\Layout\Generator\Context))
#3 /home/rkhomeappliances/public_html/vendor/magento/framework/View/Layout.php(327): Magento\Framework\View\Layout\GeneratorPool->process(Object(Magento\Framework\View\Layout\Reader\Context), Object(Magento\Framework\View\Layout\Generator\Context))
#4 /home in /home/rkhomeappliances/public_html/app/code/send/sms/Block/sendsms.php on line 45
[12-Oct-2017 10:38:27 UTC] PHP Fatal error:  Uncaught Error: Call to a member function getPrimaryBillingAddress() on null in /home/rkhomeappliances/public_html/app/code/send/sms/view/frontend/templates/sendsms.phtml:10
Stack trace:
#0 /home/rkhomeappliances/public_html/vendor/magento/framework/View/TemplateEngine/Php.php(59): include()
#1 /home/rkhomeappliances/public_html/vendor/magento/framework/View/Element/Template.php(255): Magento\Framework\View\TemplateEngine\Php->render(Object(send\sms\Block\sendsms), '/home/rkhomeapp...', Array)
#2 /home/rkhomeappliances/public_html/vendor/magento/framework/View/Element/Template.php(279): Magento\Framework\View\Element\Template->fetchView('/home/rkhomeapp...')
#3 /home/rkhomeappliances/public_html/vendor/magento/framework/View/Element/AbstractBlock.php(659): Magento\Framework\View\Element\Template->_toHtml()
#4 /home/rkhomeappliances/public_html/vendor/magento/framework/View/Layout.php(542): Magento\Framework\View\Element\AbstractBlock->toHtml()
#5 /home/rkhomeappliances/public_html/vendor/magento/framework/Vie in /home/rkhomeappliances/public_html/app/code/send/sms/view/frontend/templates/sendsms.phtml on line 10
[12-Oct-2017 10:39:32 UTC] PHP Parse error:  syntax error, unexpected 'rk1' (T_STRING), expecting ',' or ')' in /home/rkhomeappliances/public_html/vendor/magento/module-backend/view/adminhtml/templates/page/copyright.phtml on line 12
[12-Oct-2017 10:39:49 UTC] PHP Parse error:  syntax error, unexpected 'rk1' (T_STRING), expecting ',' or ')' in /home/rkhomeappliances/public_html/vendor/magento/module-backend/view/adminhtml/templates/page/copyright.phtml on line 12
[12-Oct-2017 10:41:16 UTC] PHP Parse error:  syntax error, unexpected 'rk1' (T_STRING), expecting ',' or ')' in /home/rkhomeappliances/public_html/vendor/magento/module-backend/view/adminhtml/templates/page/copyright.phtml on line 12
[12-Oct-2017 10:41:33 UTC] PHP Parse error:  syntax error, unexpected 'rk1' (T_STRING), expecting ',' or ')' in /home/rkhomeappliances/public_html/vendor/magento/module-backend/view/adminhtml/templates/page/copyright.phtml on line 12
[12-Oct-2017 10:41:37 UTC] PHP Parse error:  syntax error, unexpected 'rk1' (T_STRING), expecting ',' or ')' in /home/rkhomeappliances/public_html/vendor/magento/module-backend/view/adminhtml/templates/page/copyright.phtml on line 12
[12-Oct-2017 10:41:42 UTC] PHP Parse error:  syntax error, unexpected 'rk1' (T_STRING), expecting ',' or ')' in /home/rkhomeappliances/public_html/vendor/magento/module-backend/view/adminhtml/templates/page/copyright.phtml on line 12
[12-Oct-2017 12:18:14 UTC] PHP Fatal error:  Uncaught Error: Call to a member function getName() on null in /home/rkhomeappliances/public_html/app/code/send/sms/view/frontend/templates/sendsms.phtml:16
Stack trace:
#0 /home/rkhomeappliances/public_html/vendor/magento/framework/View/TemplateEngine/Php.php(59): include()
#1 /home/rkhomeappliances/public_html/vendor/magento/framework/View/Element/Template.php(255): Magento\Framework\View\TemplateEngine\Php->render(Object(send\sms\Block\sendsms), '/home/rkhomeapp...', Array)
#2 /home/rkhomeappliances/public_html/vendor/magento/framework/View/Element/Template.php(279): Magento\Framework\View\Element\Template->fetchView('/home/rkhomeapp...')
#3 /home/rkhomeappliances/public_html/vendor/magento/framework/View/Element/AbstractBlock.php(659): Magento\Framework\View\Element\Template->_toHtml()
#4 /home/rkhomeappliances/public_html/vendor/magento/framework/View/Layout.php(542): Magento\Framework\View\Element\AbstractBlock->toHtml()
#5 /home/rkhomeappliances/public_html/vendor/magento/framework/View/Layout.php(518) in /home/rkhomeappliances/public_html/app/code/send/sms/view/frontend/templates/sendsms.phtml on line 16
[13-Oct-2017 13:01:53 UTC] PHP Fatal error:  Cannot use [] for reading in /home/rkhomeappliances/public_html/app/code/send/sms/view/frontend/templates/sendsms.phtml on line 26
[13-Oct-2017 13:06:23 UTC] PHP Fatal error:  Uncaught Error: Call to undefined function getOrderId() in /home/rkhomeappliances/public_html/app/code/send/sms/view/frontend/templates/sendsms.phtml:10
Stack trace:
#0 /home/rkhomeappliances/public_html/vendor/magento/framework/View/TemplateEngine/Php.php(59): include()
#1 /home/rkhomeappliances/public_html/vendor/magento/framework/View/Element/Template.php(255): Magento\Framework\View\TemplateEngine\Php->render(Object(send\sms\Block\sendsms), '/home/rkhomeapp...', Array)
#2 /home/rkhomeappliances/public_html/vendor/magento/framework/View/Element/Template.php(279): Magento\Framework\View\Element\Template->fetchView('/home/rkhomeapp...')
#3 /home/rkhomeappliances/public_html/vendor/magento/framework/View/Element/AbstractBlock.php(659): Magento\Framework\View\Element\Template->_toHtml()
#4 /home/rkhomeappliances/public_html/vendor/magento/framework/View/Layout.php(542): Magento\Framework\View\Element\AbstractBlock->toHtml()
#5 /home/rkhomeappliances/public_html/vendor/magento/framework/View/Layout.php(518): Ma in /home/rkhomeappliances/public_html/app/code/send/sms/view/frontend/templates/sendsms.phtml on line 10
[13-Oct-2017 13:51:21 UTC] PHP Fatal error:  Cannot use [] for reading in /home/rkhomeappliances/public_html/app/code/send/sms/view/frontend/templates/sendsms.phtml on line 30
[13-Oct-2017 13:55:06 UTC] PHP Fatal error:  Uncaught Error: Call to a member function getName() on array in /home/rkhomeappliances/public_html/app/code/send/sms/view/frontend/templates/sendsms.phtml:19
Stack trace:
#0 /home/rkhomeappliances/public_html/vendor/magento/framework/View/TemplateEngine/Php.php(59): include()
#1 /home/rkhomeappliances/public_html/vendor/magento/framework/View/Element/Template.php(255): Magento\Framework\View\TemplateEngine\Php->render(Object(send\sms\Block\sendsms), '/home/rkhomeapp...', Array)
#2 /home/rkhomeappliances/public_html/vendor/magento/framework/View/Element/Template.php(279): Magento\Framework\View\Element\Template->fetchView('/home/rkhomeapp...')
#3 /home/rkhomeappliances/public_html/vendor/magento/framework/View/Element/AbstractBlock.php(659): Magento\Framework\View\Element\Template->_toHtml()
#4 /home/rkhomeappliances/public_html/vendor/magento/framework/View/Layout.php(542): Magento\Framework\View\Element\AbstractBlock->toHtml()
#5 /home/rkhomeappliances/public_html/vendor/magento/framework/View/Layout.php(518 in /home/rkhomeappliances/public_html/app/code/send/sms/view/frontend/templates/sendsms.phtml on line 19
[13-Oct-2017 14:23:09 UTC] PHP Fatal error:  Uncaught Error: Call to a member function getName() on array in /home/rkhomeappliances/public_html/app/code/send/sms/view/frontend/templates/sendsms.phtml:19
Stack trace:
#0 /home/rkhomeappliances/public_html/vendor/magento/framework/View/TemplateEngine/Php.php(59): include()
#1 /home/rkhomeappliances/public_html/vendor/magento/framework/View/Element/Template.php(255): Magento\Framework\View\TemplateEngine\Php->render(Object(send\sms\Block\sendsms), '/home/rkhomeapp...', Array)
#2 /home/rkhomeappliances/public_html/vendor/magento/framework/View/Element/Template.php(279): Magento\Framework\View\Element\Template->fetchView('/home/rkhomeapp...')
#3 /home/rkhomeappliances/public_html/vendor/magento/framework/View/Element/AbstractBlock.php(659): Magento\Framework\View\Element\Template->_toHtml()
#4 /home/rkhomeappliances/public_html/vendor/magento/framework/View/Layout.php(542): Magento\Framework\View\Element\AbstractBlock->toHtml()
#5 /home/rkhomeappliances/public_html/vendor/magento/framework/View/Layout.php(518 in /home/rkhomeappliances/public_html/app/code/send/sms/view/frontend/templates/sendsms.phtml on line 19
[13-Oct-2017 14:28:52 UTC] PHP Fatal error:  Uncaught Error: Call to a member function getName() on array in /home/rkhomeappliances/public_html/app/code/send/sms/view/frontend/templates/sendsms.phtml:19
Stack trace:
#0 /home/rkhomeappliances/public_html/vendor/magento/framework/View/TemplateEngine/Php.php(59): include()
#1 /home/rkhomeappliances/public_html/vendor/magento/framework/View/Element/Template.php(255): Magento\Framework\View\TemplateEngine\Php->render(Object(send\sms\Block\sendsms), '/home/rkhomeapp...', Array)
#2 /home/rkhomeappliances/public_html/vendor/magento/framework/View/Element/Template.php(279): Magento\Framework\View\Element\Template->fetchView('/home/rkhomeapp...')
#3 /home/rkhomeappliances/public_html/vendor/magento/framework/View/Element/AbstractBlock.php(659): Magento\Framework\View\Element\Template->_toHtml()
#4 /home/rkhomeappliances/public_html/vendor/magento/framework/View/Layout.php(542): Magento\Framework\View\Element\AbstractBlock->toHtml()
#5 /home/rkhomeappliances/public_html/vendor/magento/framework/View/Layout.php(518 in /home/rkhomeappliances/public_html/app/code/send/sms/view/frontend/templates/sendsms.phtml on line 19
[13-Oct-2017 15:16:31 UTC] PHP Fatal error:  Uncaught Error: Call to a member function getGrandTotal() on array in /home/rkhomeappliances/public_html/app/code/send/sms/view/frontend/templates/sendsms.phtml:19
Stack trace:
#0 /home/rkhomeappliances/public_html/vendor/magento/framework/View/TemplateEngine/Php.php(59): include()
#1 /home/rkhomeappliances/public_html/vendor/magento/framework/View/Element/Template.php(255): Magento\Framework\View\TemplateEngine\Php->render(Object(send\sms\Block\sendsms), '/home/rkhomeapp...', Array)
#2 /home/rkhomeappliances/public_html/vendor/magento/framework/View/Element/Template.php(279): Magento\Framework\View\Element\Template->fetchView('/home/rkhomeapp...')
#3 /home/rkhomeappliances/public_html/vendor/magento/framework/View/Element/AbstractBlock.php(659): Magento\Framework\View\Element\Template->_toHtml()
#4 /home/rkhomeappliances/public_html/vendor/magento/framework/View/Layout.php(542): Magento\Framework\View\Element\AbstractBlock->toHtml()
#5 /home/rkhomeappliances/public_html/vendor/magento/framework/View/Layout.p in /home/rkhomeappliances/public_html/app/code/send/sms/view/frontend/templates/sendsms.phtml on line 19
[13-Oct-2017 15:19:07 UTC] PHP Parse error:  syntax error, unexpected '->' (T_OBJECT_OPERATOR), expecting end of file in /home/rkhomeappliances/public_html/app/code/send/sms/view/frontend/templates/sendsms.phtml on line 17
[13-Oct-2017 15:29:44 UTC] PHP Fatal error:  Uncaught Error: Call to a member function getRowTotal() on null in /home/rkhomeappliances/public_html/app/code/send/sms/view/frontend/templates/sendsms.phtml:19
Stack trace:
#0 /home/rkhomeappliances/public_html/vendor/magento/framework/View/TemplateEngine/Php.php(59): include()
#1 /home/rkhomeappliances/public_html/vendor/magento/framework/View/Element/Template.php(255): Magento\Framework\View\TemplateEngine\Php->render(Object(send\sms\Block\sendsms), '/home/rkhomeapp...', Array)
#2 /home/rkhomeappliances/public_html/vendor/magento/framework/View/Element/Template.php(279): Magento\Framework\View\Element\Template->fetchView('/home/rkhomeapp...')
#3 /home/rkhomeappliances/public_html/vendor/magento/framework/View/Element/AbstractBlock.php(659): Magento\Framework\View\Element\Template->_toHtml()
#4 /home/rkhomeappliances/public_html/vendor/magento/framework/View/Layout.php(542): Magento\Framework\View\Element\AbstractBlock->toHtml()
#5 /home/rkhomeappliances/public_html/vendor/magento/framework/View/Layout.php( in /home/rkhomeappliances/public_html/app/code/send/sms/view/frontend/templates/sendsms.phtml on line 19
[13-Oct-2017 15:43:19 UTC] PHP Fatal error:  Uncaught Error: Function name must be a string in /home/rkhomeappliances/public_html/app/code/send/sms/view/frontend/templates/sendsms.phtml:33
Stack trace:
#0 /home/rkhomeappliances/public_html/vendor/magento/framework/View/TemplateEngine/Php.php(59): include()
#1 /home/rkhomeappliances/public_html/vendor/magento/framework/View/Element/Template.php(255): Magento\Framework\View\TemplateEngine\Php->render(Object(send\sms\Block\sendsms), '/home/rkhomeapp...', Array)
#2 /home/rkhomeappliances/public_html/vendor/magento/framework/View/Element/Template.php(279): Magento\Framework\View\Element\Template->fetchView('/home/rkhomeapp...')
#3 /home/rkhomeappliances/public_html/vendor/magento/framework/View/Element/AbstractBlock.php(659): Magento\Framework\View\Element\Template->_toHtml()
#4 /home/rkhomeappliances/public_html/vendor/magento/framework/View/Layout.php(542): Magento\Framework\View\Element\AbstractBlock->toHtml()
#5 /home/rkhomeappliances/public_html/vendor/magento/framework/View/Layout.php(518): Magento\Fra in /home/rkhomeappliances/public_html/app/code/send/sms/view/frontend/templates/sendsms.phtml on line 33
[13-Oct-2017 15:47:30 UTC] PHP Fatal error:  Uncaught Error: Call to a member function getPrice() on null in /home/rkhomeappliances/public_html/app/code/send/sms/Block/sendsms.php:44
Stack trace:
#0 /home/rkhomeappliances/public_html/vendor/magento/framework/View/Element/AbstractBlock.php(264): send\sms\Block\sendsms->_prepareLayout()
#1 /home/rkhomeappliances/public_html/vendor/magento/framework/View/Layout/Generator/Block.php(139): Magento\Framework\View\Element\AbstractBlock->setLayout(Object(Magento\Framework\View\Layout\Interceptor))
#2 /home/rkhomeappliances/public_html/vendor/magento/framework/View/Layout/GeneratorPool.php(86): Magento\Framework\View\Layout\Generator\Block->process(Object(Magento\Framework\View\Layout\Reader\Context), Object(Magento\Framework\View\Layout\Generator\Context))
#3 /home/rkhomeappliances/public_html/vendor/magento/framework/View/Layout.php(327): Magento\Framework\View\Layout\GeneratorPool->process(Object(Magento\Framework\View\Layout\Reader\Context), Object(Magento\Framework\View\Layout\Generator\Context))
#4 /home/rk in /home/rkhomeappliances/public_html/app/code/send/sms/Block/sendsms.php on line 44
[13-Oct-2017 16:05:34 UTC] PHP Parse error:  syntax error, unexpected '$price' (T_VARIABLE) in /home/rkhomeappliances/public_html/app/code/send/sms/view/frontend/templates/sendsms.phtml on line 33
[13-Oct-2017 16:29:38 UTC] PHP Parse error:  syntax error, unexpected '$namepro' (T_VARIABLE) in /home/rkhomeappliances/public_html/app/code/send/sms/view/frontend/templates/sendsms.phtml on line 21
[13-Oct-2017 16:37:00 UTC] PHP Parse error:  syntax error, unexpected end of file in /home/rkhomeappliances/public_html/app/code/send/sms/view/frontend/templates/sendsms.phtml on line 57
[13-Oct-2017 16:51:27 UTC] PHP Parse error:  syntax error, unexpected 'hidey' (T_STRING), expecting ',' or ';' in /home/rkhomeappliances/public_html/app/code/send/sms/view/frontend/templates/sendsms.phtml on line 44
[14-Oct-2017 05:14:03 UTC] PHP Fatal error:  Maximum execution time of 30 seconds exceeded in /home/rkhomeappliances/public_html/app/code/send/sms/view/frontend/templates/sendsms.phtml on line 26
[14-Oct-2017 06:05:49 UTC] PHP Fatal error:  Allowed memory size of 2147483648 bytes exhausted (tried to allocate 1608531968 bytes) in /home/rkhomeappliances/public_html/app/code/send/sms/view/frontend/templates/sendsms.phtml on line 30
[14-Oct-2017 06:08:24 UTC] PHP Fatal error:  Allowed memory size of 2147483648 bytes exhausted (tried to allocate 1608531968 bytes) in /home/rkhomeappliances/public_html/app/code/send/sms/view/frontend/templates/sendsms.phtml on line 23
[14-Oct-2017 06:11:18 UTC] PHP Fatal error:  Uncaught Error: Call to a member function getTelephone() on null in /home/rkhomeappliances/public_html/app/code/send/sms/view/frontend/templates/sendsms.phtml:26
Stack trace:
#0 /home/rkhomeappliances/public_html/vendor/magento/framework/View/TemplateEngine/Php.php(59): include()
#1 /home/rkhomeappliances/public_html/vendor/magento/framework/View/Element/Template.php(255): Magento\Framework\View\TemplateEngine\Php->render(Object(send\sms\Block\sendsms), '/home/rkhomeapp...', Array)
#2 /home/rkhomeappliances/public_html/vendor/magento/framework/View/Element/Template.php(279): Magento\Framework\View\Element\Template->fetchView('/home/rkhomeapp...')
#3 /home/rkhomeappliances/public_html/vendor/magento/framework/View/Element/AbstractBlock.php(659): Magento\Framework\View\Element\Template->_toHtml()
#4 /home/rkhomeappliances/public_html/vendor/magento/framework/View/Layout.php(542): Magento\Framework\View\Element\AbstractBlock->toHtml()
#5 /home/rkhomeappliances/public_html/vendor/magento/framework/View/Layout.php in /home/rkhomeappliances/public_html/app/code/send/sms/view/frontend/templates/sendsms.phtml on line 26
[14-Oct-2017 06:17:07 UTC] PHP Fatal error:  Allowed memory size of 2147483648 bytes exhausted (tried to allocate 1608531968 bytes) in /home/rkhomeappliances/public_html/app/code/send/sms/view/frontend/templates/sendsms.phtml on line 18
[14-Oct-2017 06:47:41 UTC] PHP Parse error:  syntax error, unexpected '$VAR4' (T_VARIABLE) in /home/rkhomeappliances/public_html/app/code/send/sms/view/frontend/templates/sendsms.phtml on line 28
[14-Oct-2017 06:56:09 UTC] PHP Fatal error:  Allowed memory size of 2147483648 bytes exhausted (tried to allocate 1608531968 bytes) in /home/rkhomeappliances/public_html/app/code/send/sms/view/frontend/templates/sendsms.phtml on line 18
[14-Oct-2017 06:57:24 UTC] PHP Parse error:  syntax error, unexpected end of file in /home/rkhomeappliances/public_html/app/code/send/sms/view/frontend/templates/sendsms.phtml on line 61
[14-Oct-2017 06:59:09 UTC] PHP Fatal error:  Uncaught Error: Class 'Mage' not found in /home/rkhomeappliances/public_html/app/code/send/sms/view/frontend/templates/sendsms.phtml:27
Stack trace:
#0 /home/rkhomeappliances/public_html/vendor/magento/framework/View/TemplateEngine/Php.php(59): include()
#1 /home/rkhomeappliances/public_html/vendor/magento/framework/View/Element/Template.php(255): Magento\Framework\View\TemplateEngine\Php->render(Object(send\sms\Block\sendsms), '/home/rkhomeapp...', Array)
#2 /home/rkhomeappliances/public_html/vendor/magento/framework/View/Element/Template.php(279): Magento\Framework\View\Element\Template->fetchView('/home/rkhomeapp...')
#3 /home/rkhomeappliances/public_html/vendor/magento/framework/View/Element/AbstractBlock.php(659): Magento\Framework\View\Element\Template->_toHtml()
#4 /home/rkhomeappliances/public_html/vendor/magento/framework/View/Layout.php(542): Magento\Framework\View\Element\AbstractBlock->toHtml()
#5 /home/rkhomeappliances/public_html/vendor/magento/framework/View/Layout.php(518): Magento\Framework\V in /home/rkhomeappliances/public_html/app/code/send/sms/view/frontend/templates/sendsms.phtml on line 27
[14-Oct-2017 07:08:26 UTC] PHP Fatal error:  Uncaught Error: Class 'Mage' not found in /home/rkhomeappliances/public_html/app/code/send/sms/view/frontend/templates/sendsms.phtml:20
Stack trace:
#0 /home/rkhomeappliances/public_html/vendor/magento/framework/View/TemplateEngine/Php.php(59): include()
#1 /home/rkhomeappliances/public_html/vendor/magento/framework/View/Element/Template.php(255): Magento\Framework\View\TemplateEngine\Php->render(Object(send\sms\Block\sendsms), '/home/rkhomeapp...', Array)
#2 /home/rkhomeappliances/public_html/vendor/magento/framework/View/Element/Template.php(279): Magento\Framework\View\Element\Template->fetchView('/home/rkhomeapp...')
#3 /home/rkhomeappliances/public_html/vendor/magento/framework/View/Element/AbstractBlock.php(659): Magento\Framework\View\Element\Template->_toHtml()
#4 /home/rkhomeappliances/public_html/vendor/magento/framework/View/Layout.php(542): Magento\Framework\View\Element\AbstractBlock->toHtml()
#5 /home/rkhomeappliances/public_html/vendor/magento/framework/View/Layout.php(518): Magento\Framework\V in /home/rkhomeappliances/public_html/app/code/send/sms/view/frontend/templates/sendsms.phtml on line 20
[14-Oct-2017 07:15:10 UTC] PHP Warning:  Uncaught Exception: Warning: require_once(./app/Mage.php): failed to open stream: No such file or directory in /home/rkhomeappliances/public_html/app/code/send/sms/view/frontend/templates/sendsms.phtml on line 4 in /home/rkhomeappliances/public_html/vendor/magento/framework/App/ErrorHandler.php:61
Stack trace:
#0 /home/rkhomeappliances/public_html/app/code/send/sms/view/frontend/templates/sendsms.phtml(4): Magento\Framework\App\ErrorHandler->handler(2, 'require_once(./...', '/home/rkhomeapp...', 4, Array)
#1 /home/rkhomeappliances/public_html/app/code/send/sms/view/frontend/templates/sendsms.phtml(4): require_once()
#2 /home/rkhomeappliances/public_html/vendor/magento/framework/View/TemplateEngine/Php.php(59): include('/home/rkhomeapp...')
#3 /home/rkhomeappliances/public_html/vendor/magento/framework/View/Element/Template.php(255): Magento\Framework\View\TemplateEngine\Php->render(Object(send\sms\Block\sendsms), '/home/rkhomeapp...', Array)
#4 /home/rkhomeappliances/public_html/vendor/magento/framework/View/ in /home/rkhomeappliances/public_html/vendor/magento/framework/App/ErrorHandler.php on line 61
[14-Oct-2017 07:15:10 UTC] PHP Fatal error:  Magento\Framework\View\TemplateEngine\Php::main(): Failed opening required './app/Mage.php' (include_path='/home/rkhomeappliances/public_html/var/generation:/home/rkhomeappliances/public_html/lib/internal:/home/rkhomeappliances/public_html/var/generation:/home/rkhomeappliances/public_html/lib/internal:/home/rkhomeappliances/public_html/vendor/magento/zendframework1/library:/home/rkhomeappliances/public_html/vendor/phpunit/php-file-iterator:/home/rkhomeappliances/public_html/vendor/phpunit/phpunit:/home/rkhomeappliances/public_html/vendor/symfony/yaml:.:/opt/cpanel/ea-php70/root/usr/share/pear') in /home/rkhomeappliances/public_html/app/code/send/sms/view/frontend/templates/sendsms.phtml on line 4
[14-Oct-2017 07:19:46 UTC] PHP Warning:  Uncaught Exception: Warning: require(/home/rkhomeappliances/public_html/app/code/send/sms/view/frontend/templates/app/bootstrap.php): failed to open stream: No such file or directory in /home/rkhomeappliances/public_html/app/code/send/sms/view/frontend/templates/sendsms.phtml on line 6 in /home/rkhomeappliances/public_html/vendor/magento/framework/App/ErrorHandler.php:61
Stack trace:
#0 /home/rkhomeappliances/public_html/app/code/send/sms/view/frontend/templates/sendsms.phtml(6): Magento\Framework\App\ErrorHandler->handler(2, 'require(/home/r...', '/home/rkhomeapp...', 6, Array)
#1 /home/rkhomeappliances/public_html/app/code/send/sms/view/frontend/templates/sendsms.phtml(6): require()
#2 /home/rkhomeappliances/public_html/vendor/magento/framework/View/TemplateEngine/Php.php(59): include('/home/rkhomeapp...')
#3 /home/rkhomeappliances/public_html/vendor/magento/framework/View/Element/Template.php(255): Magento\Framework\View\TemplateEngine\Php->render(Object(send\sms\Block\sendsms), '/home/rkhomeapp...', Array in /home/rkhomeappliances/public_html/vendor/magento/framework/App/ErrorHandler.php on line 61
[14-Oct-2017 07:19:46 UTC] PHP Fatal error:  Magento\Framework\View\TemplateEngine\Php::main(): Failed opening required '/home/rkhomeappliances/public_html/app/code/send/sms/view/frontend/templates/app/bootstrap.php' (include_path='/home/rkhomeappliances/public_html/var/generation:/home/rkhomeappliances/public_html/lib/internal:/home/rkhomeappliances/public_html/var/generation:/home/rkhomeappliances/public_html/lib/internal:/home/rkhomeappliances/public_html/vendor/magento/zendframework1/library:/home/rkhomeappliances/public_html/vendor/phpunit/php-file-iterator:/home/rkhomeappliances/public_html/vendor/phpunit/phpunit:/home/rkhomeappliances/public_html/vendor/symfony/yaml:.:/opt/cpanel/ea-php70/root/usr/share/pear') in /home/rkhomeappliances/public_html/app/code/send/sms/view/frontend/templates/sendsms.phtml on line 6
[14-Oct-2017 07:26:30 UTC] PHP Fatal error:  Uncaught TypeError: Argument 2 passed to Magento\Framework\ObjectManager\ObjectManager::create() must be of the type array, string given, called in /home/rkhomeappliances/public_html/app/code/send/sms/view/frontend/templates/sendsms.phtml on line 10 and defined in /home/rkhomeappliances/public_html/vendor/magento/framework/ObjectManager/ObjectManager.php:54
Stack trace:
#0 /home/rkhomeappliances/public_html/app/code/send/sms/view/frontend/templates/sendsms.phtml(10): Magento\Framework\ObjectManager\ObjectManager->create('Magento\\Sales\\M...', 'Magento\\Catalog...')
#1 /home/rkhomeappliances/public_html/vendor/magento/framework/View/TemplateEngine/Php.php(59): include('/home/rkhomeapp...')
#2 /home/rkhomeappliances/public_html/vendor/magento/framework/View/Element/Template.php(255): Magento\Framework\View\TemplateEngine\Php->render(Object(send\sms\Block\sendsms), '/home/rkhomeapp...', Array)
#3 /home/rkhomeappliances/public_html/vendor/magento/framework/View/Element/Template.php(279): Magento\Framework\View\E in /home/rkhomeappliances/public_html/vendor/magento/framework/ObjectManager/ObjectManager.php on line 54
[14-Oct-2017 11:20:01 UTC] PHP Fatal error:  Maximum execution time of 30 seconds exceeded in /home/rkhomeappliances/public_html/app/code/send/sms/view/frontend/templates/sendsms.phtml on line 16
[15-Oct-2017 11:57:13 UTC] PHP Fatal error:  Out of memory (allocated 2097152) (tried to allocate 65536 bytes) in /home/rkhomeappliances/public_html/vendor/composer/ClassLoader.php on line 444
[15-Oct-2017 11:57:13 UTC] PHP Fatal error:  Out of memory (allocated 2097152) (tried to allocate 65536 bytes) in /home/rkhomeappliances/public_html/vendor/composer/ClassLoader.php on line 444
[15-Oct-2017 11:57:19 UTC] PHP Fatal error:  Out of memory (allocated 8388608) (tried to allocate 147456 bytes) in /home/rkhomeappliances/public_html/vendor/composer/ClassLoader.php on line 444
[21-Oct-2017 11:48:09 UTC] PHP Parse error:  syntax error, unexpected 'try' (T_TRY) in /home/rkhomeappliances/public_html/index.php on line 22
[21-Oct-2017 11:48:18 UTC] PHP Parse error:  syntax error, unexpected 'try' (T_TRY) in /home/rkhomeappliances/public_html/index.php on line 22
[21-Oct-2017 11:48:33 UTC] PHP Parse error:  syntax error, unexpected 'try' (T_TRY), expecting ',' or ';' in /home/rkhomeappliances/public_html/index.php on line 22
[21-Oct-2017 11:49:55 UTC] PHP Parse error:  syntax error, unexpected '}' in /home/rkhomeappliances/public_html/index.php on line 23
[21-Oct-2017 11:50:03 UTC] PHP Parse error:  syntax error, unexpected '}' in /home/rkhomeappliances/public_html/index.php on line 23
[21-Oct-2017 11:50:08 UTC] PHP Parse error:  syntax error, unexpected '}' in /home/rkhomeappliances/public_html/index.php on line 23
[21-Oct-2017 11:50:13 UTC] PHP Parse error:  syntax error, unexpected '}' in /home/rkhomeappliances/public_html/index.php on line 23
[25-Oct-2017 07:40:29 UTC] PHP Parse error:  syntax error, unexpected 'Namespace' (T_NAMESPACE), expecting '{' in /home/rkhomeappliances/public_html/app/code/custom/plugin/Block/Outstock.php on line 3
[26-Oct-2017 04:11:45 UTC] PHP Parse error:  syntax error, unexpected 'Namespace' (T_NAMESPACE), expecting '{' in /home/rkhomeappliances/public_html/app/code/custom/plugin/Block/Outstock.php on line 3
[26-Oct-2017 04:12:01 UTC] PHP Parse error:  syntax error, unexpected 'Namespace' (T_NAMESPACE), expecting '{' in /home/rkhomeappliances/public_html/app/code/custom/plugin/Block/Outstock.php on line 3
[26-Oct-2017 04:15:22 UTC] PHP Parse error:  syntax error, unexpected 'Namespace' (T_NAMESPACE), expecting '{' in /home/rkhomeappliances/public_html/app/code/custom/plugin/Block/Outstock.php on line 3
[26-Oct-2017 04:15:37 UTC] PHP Parse error:  syntax error, unexpected 'Namespace' (T_NAMESPACE), expecting '{' in /home/rkhomeappliances/public_html/app/code/custom/plugin/Block/Outstock.php on line 3
[26-Oct-2017 14:08:49 UTC] PHP Fatal error:  Uncaught Error: Call to undefined method PayUIndia\Payu\Controller\Standard\Response\Interceptor::generatePayuHash() in /home/rkhomeappliances/public_html/app/code/PayUIndia/Payu/Controller/Standard/Response.php:9
Stack trace:
#0 /home/rkhomeappliances/public_html/var/generation/PayUIndia/Payu/Controller/Standard/Response/Interceptor.php(24): PayUIndia\Payu\Controller\Standard\Response->execute()
#1 /home/rkhomeappliances/public_html/vendor/magento/framework/App/Action/Action.php(102): PayUIndia\Payu\Controller\Standard\Response\Interceptor->execute()
#2 /home/rkhomeappliances/public_html/vendor/magento/framework/Interception/Interceptor.php(74): Magento\Framework\App\Action\Action->dispatch(Object(Magento\Framework\App\Request\Http))
#3 /home/rkhomeappliances/public_html/vendor/magento/framework/Interception/Chain/Chain.php(70): PayUIndia\Payu\Controller\Standard\Response\Interceptor->___callParent('dispatch', Array)
#4 /home/rkhomeappliances/public_html/vendor/magento/framework/Interception/Chain/Chain.php( in /home/rkhomeappliances/public_html/app/code/PayUIndia/Payu/Controller/Standard/Response.php on line 9
[26-Oct-2017 14:09:22 UTC] PHP Fatal error:  Uncaught Error: Call to undefined method PayUIndia\Payu\Controller\Standard\Response\Interceptor::generatePayuHash() in /home/rkhomeappliances/public_html/app/code/PayUIndia/Payu/Controller/Standard/Response.php:9
Stack trace:
#0 /home/rkhomeappliances/public_html/var/generation/PayUIndia/Payu/Controller/Standard/Response/Interceptor.php(24): PayUIndia\Payu\Controller\Standard\Response->execute()
#1 /home/rkhomeappliances/public_html/vendor/magento/framework/App/Action/Action.php(102): PayUIndia\Payu\Controller\Standard\Response\Interceptor->execute()
#2 /home/rkhomeappliances/public_html/vendor/magento/framework/Interception/Interceptor.php(74): Magento\Framework\App\Action\Action->dispatch(Object(Magento\Framework\App\Request\Http))
#3 /home/rkhomeappliances/public_html/vendor/magento/framework/Interception/Chain/Chain.php(70): PayUIndia\Payu\Controller\Standard\Response\Interceptor->___callParent('dispatch', Array)
#4 /home/rkhomeappliances/public_html/vendor/magento/framework/Interception/Chain/Chain.php( in /home/rkhomeappliances/public_html/app/code/PayUIndia/Payu/Controller/Standard/Response.php on line 9
[03-Nov-2017 07:36:18 UTC] PHP Fatal error:  Uncaught Error: Call to a member function getFirstName() on null in /home/rkhomeappliances/public_html/app/code/PayUIndia/Payu/Model/Payu.php:128
Stack trace:
#0 /home/rkhomeappliances/public_html/app/code/PayUIndia/Payu/Controller/Standard/Redirect.php(38): PayUIndia\Payu\Model\Payu->buildCheckoutRequest()
#1 /home/rkhomeappliances/public_html/var/generation/PayUIndia/Payu/Controller/Standard/Redirect/Interceptor.php(24): PayUIndia\Payu\Controller\Standard\Redirect->execute()
#2 /home/rkhomeappliances/public_html/vendor/magento/framework/App/Action/Action.php(102): PayUIndia\Payu\Controller\Standard\Redirect\Interceptor->execute()
#3 /home/rkhomeappliances/public_html/vendor/magento/framework/Interception/Interceptor.php(74): Magento\Framework\App\Action\Action->dispatch(Object(Magento\Framework\App\Request\Http))
#4 /home/rkhomeappliances/public_html/vendor/magento/framework/Interception/Chain/Chain.php(70): PayUIndia\Payu\Controller\Standard\Redirect\Interceptor->___callParent('dispatch', Array)
#5 /home/r in /home/rkhomeappliances/public_html/app/code/PayUIndia/Payu/Model/Payu.php on line 128
[08-Nov-2017 12:26:11 UTC] PHP Fatal error:  Uncaught Error: Call to undefined method Mageplaza\BetterSlider\Model\ResourceModel\Banner\Grid\Collection::_getAllIdsSelect() in /home/rkhomeappliances/public_html/app/code/Mageplaza/BetterSlider/Model/ResourceModel/Banner/Grid/Collection.php:92
Stack trace:
#0 /home/rkhomeappliances/public_html/vendor/magento/module-ui/Component/MassAction/Filter.php(238): Mageplaza\BetterSlider\Model\ResourceModel\Banner\Grid\Collection->getAllIds()
#1 /home/rkhomeappliances/public_html/vendor/magento/module-ui/Component/MassAction/Filter.php(104): Magento\Ui\Component\MassAction\Filter->getFilterIds()
#2 /home/rkhomeappliances/public_html/app/code/Mageplaza/BetterSlider/Controller/Adminhtml/Banner/MassDelete.php(60): Magento\Ui\Component\MassAction\Filter->getCollection(Object(Mageplaza\BetterSlider\Model\ResourceModel\Banner\Collection))
#3 /home/rkhomeappliances/public_html/var/generation/Mageplaza/BetterSlider/Controller/Adminhtml/Banner/MassDelete/Interceptor.php(24): Mageplaza\BetterSlider\Controller\Adminhtml\Banner in /home/rkhomeappliances/public_html/app/code/Mageplaza/BetterSlider/Model/ResourceModel/Banner/Grid/Collection.php on line 92
[08-Nov-2017 12:31:13 UTC] PHP Fatal error:  Uncaught Error: Call to undefined method Mageplaza\BetterSlider\Model\ResourceModel\Banner\Grid\Collection::_getAllIdsSelect() in /home/rkhomeappliances/public_html/app/code/Mageplaza/BetterSlider/Model/ResourceModel/Banner/Grid/Collection.php:92
Stack trace:
#0 /home/rkhomeappliances/public_html/vendor/magento/module-ui/Component/MassAction/Filter.php(238): Mageplaza\BetterSlider\Model\ResourceModel\Banner\Grid\Collection->getAllIds()
#1 /home/rkhomeappliances/public_html/vendor/magento/module-ui/Component/MassAction/Filter.php(104): Magento\Ui\Component\MassAction\Filter->getFilterIds()
#2 /home/rkhomeappliances/public_html/app/code/Mageplaza/BetterSlider/Controller/Adminhtml/Banner/MassDelete.php(60): Magento\Ui\Component\MassAction\Filter->getCollection(Object(Mageplaza\BetterSlider\Model\ResourceModel\Banner\Collection))
#3 /home/rkhomeappliances/public_html/var/generation/Mageplaza/BetterSlider/Controller/Adminhtml/Banner/MassDelete/Interceptor.php(24): Mageplaza\BetterSlider\Controller\Adminhtml\Banner in /home/rkhomeappliances/public_html/app/code/Mageplaza/BetterSlider/Model/ResourceModel/Banner/Grid/Collection.php on line 92
[10-Nov-2017 05:07:30 UTC] PHP Fatal error:  Uncaught Error: Call to a member function getCategoryIds() on array in /home/rkhomeappliances/public_html/app/code/send/sms/view/frontend/templates/sendsms.phtml:22
Stack trace:
#0 /home/rkhomeappliances/public_html/vendor/magento/framework/View/TemplateEngine/Php.php(59): include()
#1 /home/rkhomeappliances/public_html/vendor/magento/framework/View/Element/Template.php(255): Magento\Framework\View\TemplateEngine\Php->render(Object(send\sms\Block\sendsms), '/home/rkhomeapp...', Array)
#2 /home/rkhomeappliances/public_html/vendor/magento/framework/View/Element/Template.php(279): Magento\Framework\View\Element\Template->fetchView('/home/rkhomeapp...')
#3 /home/rkhomeappliances/public_html/vendor/magento/framework/View/Element/AbstractBlock.php(659): Magento\Framework\View\Element\Template->_toHtml()
#4 /home/rkhomeappliances/public_html/vendor/magento/framework/View/Layout.php(542): Magento\Framework\View\Element\AbstractBlock->toHtml()
#5 /home/rkhomeappliances/public_html/vendor/magento/framework/View/Layout. in /home/rkhomeappliances/public_html/app/code/send/sms/view/frontend/templates/sendsms.phtml on line 22
[10-Nov-2017 05:10:14 UTC] PHP Fatal error:  Uncaught Error: Call to a member function getCategoryIds() on array in /home/rkhomeappliances/public_html/app/code/send/sms/view/frontend/templates/sendsms.phtml:23
Stack trace:
#0 /home/rkhomeappliances/public_html/vendor/magento/framework/View/TemplateEngine/Php.php(59): include()
#1 /home/rkhomeappliances/public_html/vendor/magento/framework/View/Element/Template.php(255): Magento\Framework\View\TemplateEngine\Php->render(Object(send\sms\Block\sendsms), '/home/rkhomeapp...', Array)
#2 /home/rkhomeappliances/public_html/vendor/magento/framework/View/Element/Template.php(279): Magento\Framework\View\Element\Template->fetchView('/home/rkhomeapp...')
#3 /home/rkhomeappliances/public_html/vendor/magento/framework/View/Element/AbstractBlock.php(659): Magento\Framework\View\Element\Template->_toHtml()
#4 /home/rkhomeappliances/public_html/vendor/magento/framework/View/Layout.php(542): Magento\Framework\View\Element\AbstractBlock->toHtml()
#5 /home/rkhomeappliances/public_html/vendor/magento/framework/View/Layout. in /home/rkhomeappliances/public_html/app/code/send/sms/view/frontend/templates/sendsms.phtml on line 23
[10-Nov-2017 05:12:23 UTC] PHP Fatal error:  Uncaught Error: Call to a member function getCategoryIds() on array in /home/rkhomeappliances/public_html/app/code/send/sms/view/frontend/templates/sendsms.phtml:23
Stack trace:
#0 /home/rkhomeappliances/public_html/vendor/magento/framework/View/TemplateEngine/Php.php(59): include()
#1 /home/rkhomeappliances/public_html/vendor/magento/framework/View/Element/Template.php(255): Magento\Framework\View\TemplateEngine\Php->render(Object(send\sms\Block\sendsms), '/home/rkhomeapp...', Array)
#2 /home/rkhomeappliances/public_html/vendor/magento/framework/View/Element/Template.php(279): Magento\Framework\View\Element\Template->fetchView('/home/rkhomeapp...')
#3 /home/rkhomeappliances/public_html/vendor/magento/framework/View/Element/AbstractBlock.php(659): Magento\Framework\View\Element\Template->_toHtml()
#4 /home/rkhomeappliances/public_html/vendor/magento/framework/View/Layout.php(542): Magento\Framework\View\Element\AbstractBlock->toHtml()
#5 /home/rkhomeappliances/public_html/vendor/magento/framework/View/Layout. in /home/rkhomeappliances/public_html/app/code/send/sms/view/frontend/templates/sendsms.phtml on line 23
[10-Nov-2017 05:16:22 UTC] PHP Fatal error:  Uncaught Error: Call to a member function getCategoryIds() on array in /home/rkhomeappliances/public_html/app/code/send/sms/view/frontend/templates/sendsms.phtml:23
Stack trace:
#0 /home/rkhomeappliances/public_html/vendor/magento/framework/View/TemplateEngine/Php.php(59): include()
#1 /home/rkhomeappliances/public_html/vendor/magento/framework/View/Element/Template.php(255): Magento\Framework\View\TemplateEngine\Php->render(Object(send\sms\Block\sendsms), '/home/rkhomeapp...', Array)
#2 /home/rkhomeappliances/public_html/vendor/magento/framework/View/Element/Template.php(279): Magento\Framework\View\Element\Template->fetchView('/home/rkhomeapp...')
#3 /home/rkhomeappliances/public_html/vendor/magento/framework/View/Element/AbstractBlock.php(659): Magento\Framework\View\Element\Template->_toHtml()
#4 /home/rkhomeappliances/public_html/vendor/magento/framework/View/Layout.php(542): Magento\Framework\View\Element\AbstractBlock->toHtml()
#5 /home/rkhomeappliances/public_html/vendor/magento/framework/View/Layout. in /home/rkhomeappliances/public_html/app/code/send/sms/view/frontend/templates/sendsms.phtml on line 23
[10-Nov-2017 05:31:27 UTC] PHP Fatal error:  Uncaught Error: Call to a member function getCategoryIds() on array in /home/rkhomeappliances/public_html/app/code/send/sms/view/frontend/templates/sendsms.phtml:27
Stack trace:
#0 /home/rkhomeappliances/public_html/vendor/magento/framework/View/TemplateEngine/Php.php(59): include()
#1 /home/rkhomeappliances/public_html/vendor/magento/framework/View/Element/Template.php(255): Magento\Framework\View\TemplateEngine\Php->render(Object(send\sms\Block\sendsms), '/home/rkhomeapp...', Array)
#2 /home/rkhomeappliances/public_html/vendor/magento/framework/View/Element/Template.php(279): Magento\Framework\View\Element\Template->fetchView('/home/rkhomeapp...')
#3 /home/rkhomeappliances/public_html/vendor/magento/framework/View/Element/AbstractBlock.php(659): Magento\Framework\View\Element\Template->_toHtml()
#4 /home/rkhomeappliances/public_html/vendor/magento/framework/View/Layout.php(542): Magento\Framework\View\Element\AbstractBlock->toHtml()
#5 /home/rkhomeappliances/public_html/vendor/magento/framework/View/Layout. in /home/rkhomeappliances/public_html/app/code/send/sms/view/frontend/templates/sendsms.phtml on line 27
[10-Nov-2017 05:40:32 UTC] PHP Fatal error:  Uncaught Error: Call to a member function getCategoryIds() on array in /home/rkhomeappliances/public_html/app/code/send/sms/Block/sendsms.php:189
Stack trace:
#0 /home/rkhomeappliances/public_html/app/code/send/sms/view/frontend/templates/sendsms.phtml(7): send\sms\Block\sendsms->forwallet()
#1 /home/rkhomeappliances/public_html/vendor/magento/framework/View/TemplateEngine/Php.php(59): include('/home/rkhomeapp...')
#2 /home/rkhomeappliances/public_html/vendor/magento/framework/View/Element/Template.php(255): Magento\Framework\View\TemplateEngine\Php->render(Object(send\sms\Block\sendsms), '/home/rkhomeapp...', Array)
#3 /home/rkhomeappliances/public_html/vendor/magento/framework/View/Element/Template.php(279): Magento\Framework\View\Element\Template->fetchView('/home/rkhomeapp...')
#4 /home/rkhomeappliances/public_html/vendor/magento/framework/View/Element/AbstractBlock.php(659): Magento\Framework\View\Element\Template->_toHtml()
#5 /home/rkhomeappliances/public_html/vendor/magento/framework/View/Layout.php(5 in /home/rkhomeappliances/public_html/app/code/send/sms/Block/sendsms.php on line 189
[10-Nov-2017 05:43:07 UTC] PHP Fatal error:  Uncaught Error: Call to a member function getCategoryIds() on array in /home/rkhomeappliances/public_html/app/code/send/sms/Block/sendsms.php:189
Stack trace:
#0 /home/rkhomeappliances/public_html/app/code/send/sms/view/frontend/templates/sendsms.phtml(7): send\sms\Block\sendsms->forwallet()
#1 /home/rkhomeappliances/public_html/vendor/magento/framework/View/TemplateEngine/Php.php(59): include('/home/rkhomeapp...')
#2 /home/rkhomeappliances/public_html/vendor/magento/framework/View/Element/Template.php(255): Magento\Framework\View\TemplateEngine\Php->render(Object(send\sms\Block\sendsms), '/home/rkhomeapp...', Array)
#3 /home/rkhomeappliances/public_html/vendor/magento/framework/View/Element/Template.php(279): Magento\Framework\View\Element\Template->fetchView('/home/rkhomeapp...')
#4 /home/rkhomeappliances/public_html/vendor/magento/framework/View/Element/AbstractBlock.php(659): Magento\Framework\View\Element\Template->_toHtml()
#5 /home/rkhomeappliances/public_html/vendor/magento/framework/View/Layout.php(5 in /home/rkhomeappliances/public_html/app/code/send/sms/Block/sendsms.php on line 189
[10-Nov-2017 06:27:34 UTC] PHP Fatal error:  Allowed memory size of 805306368 bytes exhausted (tried to allocate 400560128 bytes) in /home/rkhomeappliances/public_html/app/code/send/sms/view/frontend/templates/sendsms.phtml on line 13
[10-Nov-2017 06:36:53 UTC] PHP Fatal error:  Uncaught Error: Call to a member function getCategoryIds() on array in /home/rkhomeappliances/public_html/app/code/send/sms/view/frontend/templates/sendsms.phtml:18
Stack trace:
#0 /home/rkhomeappliances/public_html/vendor/magento/framework/View/TemplateEngine/Php.php(59): include()
#1 /home/rkhomeappliances/public_html/vendor/magento/framework/View/Element/Template.php(255): Magento\Framework\View\TemplateEngine\Php->render(Object(send\sms\Block\sendsms), '/home/rkhomeapp...', Array)
#2 /home/rkhomeappliances/public_html/vendor/magento/framework/View/Element/Template.php(279): Magento\Framework\View\Element\Template->fetchView('/home/rkhomeapp...')
#3 /home/rkhomeappliances/public_html/vendor/magento/framework/View/Element/AbstractBlock.php(659): Magento\Framework\View\Element\Template->_toHtml()
#4 /home/rkhomeappliances/public_html/vendor/magento/framework/View/Layout.php(542): Magento\Framework\View\Element\AbstractBlock->toHtml()
#5 /home/rkhomeappliances/public_html/vendor/magento/framework/View/Layout. in /home/rkhomeappliances/public_html/app/code/send/sms/view/frontend/templates/sendsms.phtml on line 18
[10-Nov-2017 06:38:43 UTC] PHP Fatal error:  Uncaught Error: Call to a member function getCategoryIds() on array in /home/rkhomeappliances/public_html/app/code/send/sms/view/frontend/templates/sendsms.phtml:11
Stack trace:
#0 /home/rkhomeappliances/public_html/vendor/magento/framework/View/TemplateEngine/Php.php(59): include()
#1 /home/rkhomeappliances/public_html/vendor/magento/framework/View/Element/Template.php(255): Magento\Framework\View\TemplateEngine\Php->render(Object(send\sms\Block\sendsms), '/home/rkhomeapp...', Array)
#2 /home/rkhomeappliances/public_html/vendor/magento/framework/View/Element/Template.php(279): Magento\Framework\View\Element\Template->fetchView('/home/rkhomeapp...')
#3 /home/rkhomeappliances/public_html/vendor/magento/framework/View/Element/AbstractBlock.php(659): Magento\Framework\View\Element\Template->_toHtml()
#4 /home/rkhomeappliances/public_html/vendor/magento/framework/View/Layout.php(542): Magento\Framework\View\Element\AbstractBlock->toHtml()
#5 /home/rkhomeappliances/public_html/vendor/magento/framework/View/Layout. in /home/rkhomeappliances/public_html/app/code/send/sms/view/frontend/templates/sendsms.phtml on line 11
[10-Nov-2017 06:45:40 UTC] PHP Fatal error:  Uncaught Error: Call to a member function getCategoryIds() on string in /home/rkhomeappliances/public_html/app/code/send/sms/view/frontend/templates/sendsms.phtml:22
Stack trace:
#0 /home/rkhomeappliances/public_html/vendor/magento/framework/View/TemplateEngine/Php.php(59): include()
#1 /home/rkhomeappliances/public_html/vendor/magento/framework/View/Element/Template.php(255): Magento\Framework\View\TemplateEngine\Php->render(Object(send\sms\Block\sendsms), '/home/rkhomeapp...', Array)
#2 /home/rkhomeappliances/public_html/vendor/magento/framework/View/Element/Template.php(279): Magento\Framework\View\Element\Template->fetchView('/home/rkhomeapp...')
#3 /home/rkhomeappliances/public_html/vendor/magento/framework/View/Element/AbstractBlock.php(659): Magento\Framework\View\Element\Template->_toHtml()
#4 /home/rkhomeappliances/public_html/vendor/magento/framework/View/Layout.php(542): Magento\Framework\View\Element\AbstractBlock->toHtml()
#5 /home/rkhomeappliances/public_html/vendor/magento/framework/View/Layout in /home/rkhomeappliances/public_html/app/code/send/sms/view/frontend/templates/sendsms.phtml on line 22
[10-Nov-2017 06:47:08 UTC] PHP Fatal error:  Uncaught Error: Call to a member function getCategoryIds() on string in /home/rkhomeappliances/public_html/app/code/send/sms/view/frontend/templates/sendsms.phtml:22
Stack trace:
#0 /home/rkhomeappliances/public_html/vendor/magento/framework/View/TemplateEngine/Php.php(59): include()
#1 /home/rkhomeappliances/public_html/vendor/magento/framework/View/Element/Template.php(255): Magento\Framework\View\TemplateEngine\Php->render(Object(send\sms\Block\sendsms), '/home/rkhomeapp...', Array)
#2 /home/rkhomeappliances/public_html/vendor/magento/framework/View/Element/Template.php(279): Magento\Framework\View\Element\Template->fetchView('/home/rkhomeapp...')
#3 /home/rkhomeappliances/public_html/vendor/magento/framework/View/Element/AbstractBlock.php(659): Magento\Framework\View\Element\Template->_toHtml()
#4 /home/rkhomeappliances/public_html/vendor/magento/framework/View/Layout.php(542): Magento\Framework\View\Element\AbstractBlock->toHtml()
#5 /home/rkhomeappliances/public_html/vendor/magento/framework/View/Layout in /home/rkhomeappliances/public_html/app/code/send/sms/view/frontend/templates/sendsms.phtml on line 22
[10-Nov-2017 06:49:17 UTC] PHP Fatal error:  Uncaught Error: Call to a member function getCategoryIds() on string in /home/rkhomeappliances/public_html/app/code/send/sms/view/frontend/templates/sendsms.phtml:22
Stack trace:
#0 /home/rkhomeappliances/public_html/vendor/magento/framework/View/TemplateEngine/Php.php(59): include()
#1 /home/rkhomeappliances/public_html/vendor/magento/framework/View/Element/Template.php(255): Magento\Framework\View\TemplateEngine\Php->render(Object(send\sms\Block\sendsms), '/home/rkhomeapp...', Array)
#2 /home/rkhomeappliances/public_html/vendor/magento/framework/View/Element/Template.php(279): Magento\Framework\View\Element\Template->fetchView('/home/rkhomeapp...')
#3 /home/rkhomeappliances/public_html/vendor/magento/framework/View/Element/AbstractBlock.php(659): Magento\Framework\View\Element\Template->_toHtml()
#4 /home/rkhomeappliances/public_html/vendor/magento/framework/View/Layout.php(542): Magento\Framework\View\Element\AbstractBlock->toHtml()
#5 /home/rkhomeappliances/public_html/vendor/magento/framework/View/Layout in /home/rkhomeappliances/public_html/app/code/send/sms/view/frontend/templates/sendsms.phtml on line 22
[10-Nov-2017 06:52:32 UTC] PHP Fatal error:  Uncaught Error: Call to a member function getCategoryIds() on string in /home/rkhomeappliances/public_html/app/code/send/sms/view/frontend/templates/sendsms.phtml:22
Stack trace:
#0 /home/rkhomeappliances/public_html/vendor/magento/framework/View/TemplateEngine/Php.php(59): include()
#1 /home/rkhomeappliances/public_html/vendor/magento/framework/View/Element/Template.php(255): Magento\Framework\View\TemplateEngine\Php->render(Object(send\sms\Block\sendsms), '/home/rkhomeapp...', Array)
#2 /home/rkhomeappliances/public_html/vendor/magento/framework/View/Element/Template.php(279): Magento\Framework\View\Element\Template->fetchView('/home/rkhomeapp...')
#3 /home/rkhomeappliances/public_html/vendor/magento/framework/View/Element/AbstractBlock.php(659): Magento\Framework\View\Element\Template->_toHtml()
#4 /home/rkhomeappliances/public_html/vendor/magento/framework/View/Layout.php(542): Magento\Framework\View\Element\AbstractBlock->toHtml()
#5 /home/rkhomeappliances/public_html/vendor/magento/framework/View/Layout in /home/rkhomeappliances/public_html/app/code/send/sms/view/frontend/templates/sendsms.phtml on line 22
[10-Nov-2017 06:57:50 UTC] PHP Fatal error:  Allowed memory size of 805306368 bytes exhausted (tried to allocate 400572416 bytes) in /home/rkhomeappliances/public_html/app/code/send/sms/view/frontend/templates/sendsms.phtml on line 21
[10-Nov-2017 07:06:37 UTC] PHP Fatal error:  Uncaught TypeError: Argument 2 passed to Rk\Wallet\Controller\Index\Index::__construct() must implement interface Magento\Framework\UrlInterface, none given, called in /home/rkhomeappliances/public_html/var/generation/Rk/Wallet/Controller/Index/Index/Interceptor.php on line 14 and defined in /home/rkhomeappliances/public_html/app/code/Rk/Wallet/Controller/Index/Index.php:21
Stack trace:
#0 /home/rkhomeappliances/public_html/var/generation/Rk/Wallet/Controller/Index/Index/Interceptor.php(14): Rk\Wallet\Controller\Index\Index->__construct(Object(Magento\Framework\App\Action\Context))
#1 /home/rkhomeappliances/public_html/vendor/magento/framework/ObjectManager/Factory/AbstractFactory.php(93): Rk\Wallet\Controller\Index\Index\Interceptor->__construct(Object(Magento\Framework\App\Action\Context))
#2 /home/rkhomeappliances/public_html/vendor/magento/framework/ObjectManager/Factory/Dynamic/Developer.php(89): Magento\Framework\ObjectManager\Factory\AbstractFactory->createObject('Rk\\Wallet\\Contr...', Array)
#3 /home in /home/rkhomeappliances/public_html/app/code/Rk/Wallet/Controller/Index/Index.php on line 21
[10-Nov-2017 07:06:37 UTC] PHP Fatal error:  Uncaught TypeError: Argument 2 passed to Rk\Wallet\Controller\Index\Index::__construct() must implement interface Magento\Framework\UrlInterface, none given, called in /home/rkhomeappliances/public_html/var/generation/Rk/Wallet/Controller/Index/Index/Interceptor.php on line 14 and defined in /home/rkhomeappliances/public_html/app/code/Rk/Wallet/Controller/Index/Index.php:21
Stack trace:
#0 /home/rkhomeappliances/public_html/var/generation/Rk/Wallet/Controller/Index/Index/Interceptor.php(14): Rk\Wallet\Controller\Index\Index->__construct(Object(Magento\Framework\App\Action\Context))
#1 /home/rkhomeappliances/public_html/vendor/magento/framework/ObjectManager/Factory/AbstractFactory.php(93): Rk\Wallet\Controller\Index\Index\Interceptor->__construct(Object(Magento\Framework\App\Action\Context))
#2 /home/rkhomeappliances/public_html/vendor/magento/framework/ObjectManager/Factory/Dynamic/Developer.php(89): Magento\Framework\ObjectManager\Factory\AbstractFactory->createObject('Rk\\Wallet\\Contr...', Array)
#3 /home in /home/rkhomeappliances/public_html/app/code/Rk/Wallet/Controller/Index/Index.php on line 21
[10-Nov-2017 07:06:54 UTC] PHP Fatal error:  Uncaught TypeError: Argument 2 passed to Rk\Wallet\Controller\Index\Index::__construct() must implement interface Magento\Framework\UrlInterface, none given, called in /home/rkhomeappliances/public_html/var/generation/Rk/Wallet/Controller/Index/Index/Interceptor.php on line 14 and defined in /home/rkhomeappliances/public_html/app/code/Rk/Wallet/Controller/Index/Index.php:21
Stack trace:
#0 /home/rkhomeappliances/public_html/var/generation/Rk/Wallet/Controller/Index/Index/Interceptor.php(14): Rk\Wallet\Controller\Index\Index->__construct(Object(Magento\Framework\App\Action\Context))
#1 /home/rkhomeappliances/public_html/vendor/magento/framework/ObjectManager/Factory/AbstractFactory.php(93): Rk\Wallet\Controller\Index\Index\Interceptor->__construct(Object(Magento\Framework\App\Action\Context))
#2 /home/rkhomeappliances/public_html/vendor/magento/framework/ObjectManager/Factory/Dynamic/Developer.php(89): Magento\Framework\ObjectManager\Factory\AbstractFactory->createObject('Rk\\Wallet\\Contr...', Array)
#3 /home in /home/rkhomeappliances/public_html/app/code/Rk/Wallet/Controller/Index/Index.php on line 21
[10-Nov-2017 07:07:14 UTC] PHP Fatal error:  Uncaught TypeError: Argument 2 passed to Rk\Wallet\Controller\Index\Index::__construct() must implement interface Magento\Framework\UrlInterface, none given, called in /home/rkhomeappliances/public_html/var/generation/Rk/Wallet/Controller/Index/Index/Interceptor.php on line 14 and defined in /home/rkhomeappliances/public_html/app/code/Rk/Wallet/Controller/Index/Index.php:21
Stack trace:
#0 /home/rkhomeappliances/public_html/var/generation/Rk/Wallet/Controller/Index/Index/Interceptor.php(14): Rk\Wallet\Controller\Index\Index->__construct(Object(Magento\Framework\App\Action\Context))
#1 /home/rkhomeappliances/public_html/vendor/magento/framework/ObjectManager/Factory/AbstractFactory.php(93): Rk\Wallet\Controller\Index\Index\Interceptor->__construct(Object(Magento\Framework\App\Action\Context))
#2 /home/rkhomeappliances/public_html/vendor/magento/framework/ObjectManager/Factory/Dynamic/Developer.php(89): Magento\Framework\ObjectManager\Factory\AbstractFactory->createObject('Rk\\Wallet\\Contr...', Array)
#3 /home in /home/rkhomeappliances/public_html/app/code/Rk/Wallet/Controller/Index/Index.php on line 21
[10-Nov-2017 07:07:50 UTC] PHP Fatal error:  Uncaught TypeError: Argument 2 passed to Rk\Wallet\Controller\Index\Index::__construct() must implement interface Magento\Framework\UrlInterface, none given, called in /home/rkhomeappliances/public_html/var/generation/Rk/Wallet/Controller/Index/Index/Interceptor.php on line 14 and defined in /home/rkhomeappliances/public_html/app/code/Rk/Wallet/Controller/Index/Index.php:21
Stack trace:
#0 /home/rkhomeappliances/public_html/var/generation/Rk/Wallet/Controller/Index/Index/Interceptor.php(14): Rk\Wallet\Controller\Index\Index->__construct(Object(Magento\Framework\App\Action\Context))
#1 /home/rkhomeappliances/public_html/vendor/magento/framework/ObjectManager/Factory/AbstractFactory.php(93): Rk\Wallet\Controller\Index\Index\Interceptor->__construct(Object(Magento\Framework\App\Action\Context))
#2 /home/rkhomeappliances/public_html/vendor/magento/framework/ObjectManager/Factory/Dynamic/Developer.php(89): Magento\Framework\ObjectManager\Factory\AbstractFactory->createObject('Rk\\Wallet\\Contr...', Array)
#3 /home in /home/rkhomeappliances/public_html/app/code/Rk/Wallet/Controller/Index/Index.php on line 21
[10-Nov-2017 07:08:27 UTC] PHP Fatal error:  Uncaught TypeError: Argument 2 passed to Rk\Wallet\Controller\Index\Index::__construct() must implement interface Magento\Framework\UrlInterface, none given, called in /home/rkhomeappliances/public_html/var/generation/Rk/Wallet/Controller/Index/Index/Interceptor.php on line 14 and defined in /home/rkhomeappliances/public_html/app/code/Rk/Wallet/Controller/Index/Index.php:21
Stack trace:
#0 /home/rkhomeappliances/public_html/var/generation/Rk/Wallet/Controller/Index/Index/Interceptor.php(14): Rk\Wallet\Controller\Index\Index->__construct(Object(Magento\Framework\App\Action\Context))
#1 /home/rkhomeappliances/public_html/vendor/magento/framework/ObjectManager/Factory/AbstractFactory.php(93): Rk\Wallet\Controller\Index\Index\Interceptor->__construct(Object(Magento\Framework\App\Action\Context))
#2 /home/rkhomeappliances/public_html/vendor/magento/framework/ObjectManager/Factory/Dynamic/Developer.php(89): Magento\Framework\ObjectManager\Factory\AbstractFactory->createObject('Rk\\Wallet\\Contr...', Array)
#3 /home in /home/rkhomeappliances/public_html/app/code/Rk/Wallet/Controller/Index/Index.php on line 21
[10-Nov-2017 10:06:05 UTC] PHP Parse error:  syntax error, unexpected 'namespace' (T_NAMESPACE) in /home/rkhomeappliances/public_html/app/code/Test/Testpayment/Model/PaymentMethod.php on line 3
[10-Nov-2017 10:07:49 UTC] PHP Parse error:  syntax error, unexpected 'namespace' (T_NAMESPACE) in /home/rkhomeappliances/public_html/app/code/Test/Testpayment/Model/PaymentMethod.php on line 3
[10-Nov-2017 10:07:57 UTC] PHP Parse error:  syntax error, unexpected 'namespace' (T_NAMESPACE) in /home/rkhomeappliances/public_html/app/code/Test/Testpayment/Model/PaymentMethod.php on line 3
[10-Nov-2017 10:08:16 UTC] PHP Parse error:  syntax error, unexpected 'namespace' (T_NAMESPACE) in /home/rkhomeappliances/public_html/app/code/Test/Testpayment/Model/PaymentMethod.php on line 3
[10-Nov-2017 10:14:50 UTC] PHP Parse error:  syntax error, unexpected 'namespace' (T_NAMESPACE) in /home/rkhomeappliances/public_html/app/code/Test/Testpayment/Model/PaymentMethod.php on line 3
[10-Nov-2017 10:14:56 UTC] PHP Parse error:  syntax error, unexpected 'namespace' (T_NAMESPACE) in /home/rkhomeappliances/public_html/app/code/Test/Testpayment/Model/PaymentMethod.php on line 3
[10-Nov-2017 10:19:56 UTC] PHP Parse error:  syntax error, unexpected 'namespace' (T_NAMESPACE) in /home/rkhomeappliances/public_html/app/code/Test/Testpayment/Model/PaymentMethod.php on line 3
[10-Nov-2017 12:28:29 UTC] PHP Fatal error:  Cannot declare class Empiro\Custompayment\Model\Payment\Simple, because the name is already in use in /home/rkhomeappliances/public_html/app/code/Emipro/Custompayment/Model/PaymentMethod.php on line 0
[10-Nov-2017 12:42:32 UTC] PHP Parse error:  syntax error, unexpected end of file, expecting function (T_FUNCTION) in /home/rkhomeappliances/public_html/app/code/Emipro/Custompayment/Model/PaymentMethod.php on line 54
[10-Nov-2017 12:44:05 UTC] PHP Parse error:  syntax error, unexpected end of file, expecting function (T_FUNCTION) in /home/rkhomeappliances/public_html/app/code/Emipro/Custompayment/Model/PaymentMethod.php on line 65
[10-Nov-2017 12:44:13 UTC] PHP Parse error:  syntax error, unexpected end of file, expecting function (T_FUNCTION) in /home/rkhomeappliances/public_html/app/code/Emipro/Custompayment/Model/PaymentMethod.php on line 65
[10-Nov-2017 14:16:40 UTC] PHP Fatal error:  Uncaught Error: Call to a member function getTelephone() on null in /home/rkhomeappliances/public_html/app/code/send/sms/view/frontend/templates/sendsms.phtml:9
Stack trace:
#0 /home/rkhomeappliances/public_html/vendor/magento/framework/View/TemplateEngine/Php.php(59): include()
#1 /home/rkhomeappliances/public_html/vendor/magento/framework/View/Element/Template.php(255): Magento\Framework\View\TemplateEngine\Php->render(Object(send\sms\Block\sendsms), '/home/rkhomeapp...', Array)
#2 /home/rkhomeappliances/public_html/vendor/magento/framework/View/Element/Template.php(279): Magento\Framework\View\Element\Template->fetchView('/home/rkhomeapp...')
#3 /home/rkhomeappliances/public_html/vendor/magento/framework/View/Element/AbstractBlock.php(659): Magento\Framework\View\Element\Template->_toHtml()
#4 /home/rkhomeappliances/public_html/vendor/magento/framework/View/Layout.php(542): Magento\Framework\View\Element\AbstractBlock->toHtml()
#5 /home/rkhomeappliances/public_html/vendor/magento/framework/View/Layout.php( in /home/rkhomeappliances/public_html/app/code/send/sms/view/frontend/templates/sendsms.phtml on line 9
[10-Nov-2017 14:19:08 UTC] PHP Fatal error:  Uncaught Error: Call to a member function getTelephone() on null in /home/rkhomeappliances/public_html/app/code/send/sms/view/frontend/templates/sendsms.phtml:9
Stack trace:
#0 /home/rkhomeappliances/public_html/vendor/magento/framework/View/TemplateEngine/Php.php(59): include()
#1 /home/rkhomeappliances/public_html/vendor/magento/framework/View/Element/Template.php(255): Magento\Framework\View\TemplateEngine\Php->render(Object(send\sms\Block\sendsms), '/home/rkhomeapp...', Array)
#2 /home/rkhomeappliances/public_html/vendor/magento/framework/View/Element/Template.php(279): Magento\Framework\View\Element\Template->fetchView('/home/rkhomeapp...')
#3 /home/rkhomeappliances/public_html/vendor/magento/framework/View/Element/AbstractBlock.php(659): Magento\Framework\View\Element\Template->_toHtml()
#4 /home/rkhomeappliances/public_html/vendor/magento/framework/View/Layout.php(542): Magento\Framework\View\Element\AbstractBlock->toHtml()
#5 /home/rkhomeappliances/public_html/vendor/magento/framework/View/Layout.php( in /home/rkhomeappliances/public_html/app/code/send/sms/view/frontend/templates/sendsms.phtml on line 9
[10-Nov-2017 14:19:53 UTC] PHP Fatal error:  Uncaught Error: Call to a member function getTelephone() on null in /home/rkhomeappliances/public_html/app/code/send/sms/view/frontend/templates/sendsms.phtml:9
Stack trace:
#0 /home/rkhomeappliances/public_html/vendor/magento/framework/View/TemplateEngine/Php.php(59): include()
#1 /home/rkhomeappliances/public_html/vendor/magento/framework/View/Element/Template.php(255): Magento\Framework\View\TemplateEngine\Php->render(Object(send\sms\Block\sendsms), '/home/rkhomeapp...', Array)
#2 /home/rkhomeappliances/public_html/vendor/magento/framework/View/Element/Template.php(279): Magento\Framework\View\Element\Template->fetchView('/home/rkhomeapp...')
#3 /home/rkhomeappliances/public_html/vendor/magento/framework/View/Element/AbstractBlock.php(659): Magento\Framework\View\Element\Template->_toHtml()
#4 /home/rkhomeappliances/public_html/vendor/magento/framework/View/Layout.php(542): Magento\Framework\View\Element\AbstractBlock->toHtml()
#5 /home/rkhomeappliances/public_html/vendor/magento/framework/View/Layout.php( in /home/rkhomeappliances/public_html/app/code/send/sms/view/frontend/templates/sendsms.phtml on line 9
[10-Nov-2017 14:27:08 UTC] PHP Fatal error:  Uncaught Error: Call to a member function getTelephone() on null in /home/rkhomeappliances/public_html/app/code/send/sms/view/frontend/templates/sendsms.phtml:9
Stack trace:
#0 /home/rkhomeappliances/public_html/vendor/magento/framework/View/TemplateEngine/Php.php(59): include()
#1 /home/rkhomeappliances/public_html/vendor/magento/framework/View/Element/Template.php(255): Magento\Framework\View\TemplateEngine\Php->render(Object(send\sms\Block\sendsms), '/home/rkhomeapp...', Array)
#2 /home/rkhomeappliances/public_html/vendor/magento/framework/View/Element/Template.php(279): Magento\Framework\View\Element\Template->fetchView('/home/rkhomeapp...')
#3 /home/rkhomeappliances/public_html/vendor/magento/framework/View/Element/AbstractBlock.php(659): Magento\Framework\View\Element\Template->_toHtml()
#4 /home/rkhomeappliances/public_html/vendor/magento/framework/View/Layout.php(542): Magento\Framework\View\Element\AbstractBlock->toHtml()
#5 /home/rkhomeappliances/public_html/vendor/magento/framework/View/Layout.php( in /home/rkhomeappliances/public_html/app/code/send/sms/view/frontend/templates/sendsms.phtml on line 9
[10-Nov-2017 15:25:48 UTC] PHP Fatal error:  Uncaught Error: Call to a member function getTelephone() on null in /home/rkhomeappliances/public_html/app/code/send/sms/view/frontend/templates/sendsms.phtml:9
Stack trace:
#0 /home/rkhomeappliances/public_html/vendor/magento/framework/View/TemplateEngine/Php.php(59): include()
#1 /home/rkhomeappliances/public_html/vendor/magento/framework/View/Element/Template.php(255): Magento\Framework\View\TemplateEngine\Php->render(Object(send\sms\Block\sendsms), '/home/rkhomeapp...', Array)
#2 /home/rkhomeappliances/public_html/vendor/magento/framework/View/Element/Template.php(279): Magento\Framework\View\Element\Template->fetchView('/home/rkhomeapp...')
#3 /home/rkhomeappliances/public_html/vendor/magento/framework/View/Element/AbstractBlock.php(659): Magento\Framework\View\Element\Template->_toHtml()
#4 /home/rkhomeappliances/public_html/vendor/magento/framework/View/Layout.php(542): Magento\Framework\View\Element\AbstractBlock->toHtml()
#5 /home/rkhomeappliances/public_html/vendor/magento/framework/View/Layout.php( in /home/rkhomeappliances/public_html/app/code/send/sms/view/frontend/templates/sendsms.phtml on line 9
[10-Nov-2017 15:31:54 UTC] PHP Fatal error:  Uncaught Error: Call to a member function getTelephone() on null in /home/rkhomeappliances/public_html/app/code/send/sms/view/frontend/templates/sendsms.phtml:10
Stack trace:
#0 /home/rkhomeappliances/public_html/vendor/magento/framework/View/TemplateEngine/Php.php(59): include()
#1 /home/rkhomeappliances/public_html/vendor/magento/framework/View/Element/Template.php(255): Magento\Framework\View\TemplateEngine\Php->render(Object(send\sms\Block\sendsms), '/home/rkhomeapp...', Array)
#2 /home/rkhomeappliances/public_html/vendor/magento/framework/View/Element/Template.php(279): Magento\Framework\View\Element\Template->fetchView('/home/rkhomeapp...')
#3 /home/rkhomeappliances/public_html/vendor/magento/framework/View/Element/AbstractBlock.php(659): Magento\Framework\View\Element\Template->_toHtml()
#4 /home/rkhomeappliances/public_html/vendor/magento/framework/View/Layout.php(542): Magento\Framework\View\Element\AbstractBlock->toHtml()
#5 /home/rkhomeappliances/public_html/vendor/magento/framework/View/Layout.php in /home/rkhomeappliances/public_html/app/code/send/sms/view/frontend/templates/sendsms.phtml on line 10
[10-Nov-2017 15:35:45 UTC] PHP Fatal error:  Uncaught Error: Call to a member function getTelephone() on null in /home/rkhomeappliances/public_html/app/code/send/sms/view/frontend/templates/sendsms.phtml:10
Stack trace:
#0 /home/rkhomeappliances/public_html/vendor/magento/framework/View/TemplateEngine/Php.php(59): include()
#1 /home/rkhomeappliances/public_html/vendor/magento/framework/View/Element/Template.php(255): Magento\Framework\View\TemplateEngine\Php->render(Object(send\sms\Block\sendsms), '/home/rkhomeapp...', Array)
#2 /home/rkhomeappliances/public_html/vendor/magento/framework/View/Element/Template.php(279): Magento\Framework\View\Element\Template->fetchView('/home/rkhomeapp...')
#3 /home/rkhomeappliances/public_html/vendor/magento/framework/View/Element/AbstractBlock.php(659): Magento\Framework\View\Element\Template->_toHtml()
#4 /home/rkhomeappliances/public_html/vendor/magento/framework/View/Layout.php(542): Magento\Framework\View\Element\AbstractBlock->toHtml()
#5 /home/rkhomeappliances/public_html/vendor/magento/framework/View/Layout.php in /home/rkhomeappliances/public_html/app/code/send/sms/view/frontend/templates/sendsms.phtml on line 10
[10-Nov-2017 15:36:01 UTC] PHP Fatal error:  Uncaught Error: Call to a member function getTelephone() on null in /home/rkhomeappliances/public_html/app/code/send/sms/view/frontend/templates/sendsms.phtml:10
Stack trace:
#0 /home/rkhomeappliances/public_html/vendor/magento/framework/View/TemplateEngine/Php.php(59): include()
#1 /home/rkhomeappliances/public_html/vendor/magento/framework/View/Element/Template.php(255): Magento\Framework\View\TemplateEngine\Php->render(Object(send\sms\Block\sendsms), '/home/rkhomeapp...', Array)
#2 /home/rkhomeappliances/public_html/vendor/magento/framework/View/Element/Template.php(279): Magento\Framework\View\Element\Template->fetchView('/home/rkhomeapp...')
#3 /home/rkhomeappliances/public_html/vendor/magento/framework/View/Element/AbstractBlock.php(659): Magento\Framework\View\Element\Template->_toHtml()
#4 /home/rkhomeappliances/public_html/vendor/magento/framework/View/Layout.php(542): Magento\Framework\View\Element\AbstractBlock->toHtml()
#5 /home/rkhomeappliances/public_html/vendor/magento/framework/View/Layout.php in /home/rkhomeappliances/public_html/app/code/send/sms/view/frontend/templates/sendsms.phtml on line 10
[10-Nov-2017 15:50:20 UTC] PHP Fatal error:  Uncaught Error: Call to a member function getTelephone() on null in /home/rkhomeappliances/public_html/app/code/send/sms/view/frontend/templates/sendsms.phtml:10
Stack trace:
#0 /home/rkhomeappliances/public_html/vendor/magento/framework/View/TemplateEngine/Php.php(59): include()
#1 /home/rkhomeappliances/public_html/vendor/magento/framework/View/Element/Template.php(255): Magento\Framework\View\TemplateEngine\Php->render(Object(send\sms\Block\sendsms), '/home/rkhomeapp...', Array)
#2 /home/rkhomeappliances/public_html/vendor/magento/framework/View/Element/Template.php(279): Magento\Framework\View\Element\Template->fetchView('/home/rkhomeapp...')
#3 /home/rkhomeappliances/public_html/vendor/magento/framework/View/Element/AbstractBlock.php(659): Magento\Framework\View\Element\Template->_toHtml()
#4 /home/rkhomeappliances/public_html/vendor/magento/framework/View/Layout.php(542): Magento\Framework\View\Element\AbstractBlock->toHtml()
#5 /home/rkhomeappliances/public_html/vendor/magento/framework/View/Layout.php in /home/rkhomeappliances/public_html/app/code/send/sms/view/frontend/templates/sendsms.phtml on line 10
[11-Nov-2017 04:58:09 UTC] PHP Parse error:  syntax error, unexpected 'else' (T_ELSE), expecting function (T_FUNCTION) in /home/rkhomeappliances/public_html/app/code/send/sms/Block/sendsms.php on line 114
[11-Nov-2017 06:27:57 UTC] PHP Fatal error:  Uncaught Error: Class 'Wallet\Payment\Setup\Varien_Db_Ddl_Table' not found in /home/rkhomeappliances/public_html/app/code/Wallet/Payment/Setup/InstallSchema.php:65
Stack trace:
#0 /home/rkhomeappliances/public_html/setup/src/Magento/Setup/Model/Installer.php(844): Wallet\Payment\Setup\InstallSchema->install(Object(Magento\Setup\Module\Setup), Object(Magento\Setup\Model\ModuleContext))
#1 /home/rkhomeappliances/public_html/setup/src/Magento/Setup/Model/Installer.php(779): Magento\Setup\Model\Installer->handleDBSchemaData(Object(Magento\Setup\Module\Setup), 'schema')
#2 /home/rkhomeappliances/public_html/setup/src/Magento/Setup/Console/Command/UpgradeCommand.php(73): Magento\Setup\Model\Installer->installSchema()
#3 /home/rkhomeappliances/public_html/vendor/symfony/console/Symfony/Component/Console/Command/Command.php(257): Magento\Setup\Console\Command\UpgradeCommand->execute(Object(Symfony\Component\Console\Input\ArgvInput), Object(Symfony\Component\Console\Output\ConsoleOutput))
#4 /home/rkhomeappliances/pub in /home/rkhomeappliances/public_html/app/code/Wallet/Payment/Setup/InstallSchema.php on line 65
[11-Nov-2017 06:53:09 UTC] PHP Fatal error:  Cannot declare class Wallet\Payment\Model\Resource\Friend\Collection, because the name is already in use in /home/rkhomeappliances/public_html/app/code/Wallet/Payment/Model/Resource/Cashback/Collection.php on line 0
[11-Nov-2017 06:54:51 UTC] PHP Fatal error:  Cannot declare class Wallet\Payment\Model\Resource\Friend\Collection, because the name is already in use in /home/rkhomeappliances/public_html/app/code/Wallet/Payment/Model/Resource/Cashback/Collection.php on line 0
[11-Nov-2017 06:55:23 UTC] PHP Fatal error:  Cannot declare class Wallet\Payment\Model\Resource\Friend\Collection, because the name is already in use in /home/rkhomeappliances/public_html/app/code/Wallet/Payment/Model/Resource/Cashback/Collection.php on line 0
[11-Nov-2017 07:22:25 UTC] PHP Fatal error:  Cannot declare class Wallet\Payment\Model\Resource\Friend\Collection, because the name is already in use in /home/rkhomeappliances/public_html/app/code/Wallet/Payment/Model/Resource/Cashback/Collection.php on line 0
[11-Nov-2017 07:23:05 UTC] PHP Fatal error:  Cannot declare class Wallet\Payment\Model\Resource\Friend\Collection, because the name is already in use in /home/rkhomeappliances/public_html/app/code/Wallet/Payment/Model/Resource/Cashback/Collection.php on line 0
[11-Nov-2017 07:23:26 UTC] PHP Fatal error:  Cannot declare class Wallet\Payment\Model\Resource\Friend\Collection, because the name is already in use in /home/rkhomeappliances/public_html/app/code/Wallet/Payment/Model/Resource/Cashback/Collection.php on line 0
[11-Nov-2017 07:24:55 UTC] PHP Fatal error:  Cannot declare class Wallet\Payment\Model\Resource\Friend\Collection, because the name is already in use in /home/rkhomeappliances/public_html/app/code/Wallet/Payment/Model/Resource/Cashback/Collection.php on line 0
[11-Nov-2017 07:25:43 UTC] PHP Fatal error:  Cannot declare class Wallet\Payment\Model\Resource\Friend\Collection, because the name is already in use in /home/rkhomeappliances/public_html/app/code/Wallet/Payment/Model/Resource/Cashback/Collection.php on line 0
[11-Nov-2017 07:25:59 UTC] PHP Fatal error:  Cannot declare class Wallet\Payment\Model\Resource\Friend\Collection, because the name is already in use in /home/rkhomeappliances/public_html/app/code/Wallet/Payment/Model/Resource/Cashback/Collection.php on line 0
[11-Nov-2017 08:05:29 UTC] PHP Fatal error:  Uncaught Error: Call to a member function getName() on string in /home/rkhomeappliances/public_html/app/code/send/sms/Block/sendsms.php:146
Stack trace:
#0 /home/rkhomeappliances/public_html/app/code/send/sms/view/frontend/templates/sendsms.phtml(20): send\sms\Block\sendsms->walletdiscount()
#1 /home/rkhomeappliances/public_html/vendor/magento/framework/View/TemplateEngine/Php.php(59): include('/home/rkhomeapp...')
#2 /home/rkhomeappliances/public_html/vendor/magento/framework/View/Element/Template.php(255): Magento\Framework\View\TemplateEngine\Php->render(Object(send\sms\Block\sendsms), '/home/rkhomeapp...', Array)
#3 /home/rkhomeappliances/public_html/vendor/magento/framework/View/Element/Template.php(279): Magento\Framework\View\Element\Template->fetchView('/home/rkhomeapp...')
#4 /home/rkhomeappliances/public_html/vendor/magento/framework/View/Element/AbstractBlock.php(659): Magento\Framework\View\Element\Template->_toHtml()
#5 /home/rkhomeappliances/public_html/vendor/magento/framework/View/Layout.php(5 in /home/rkhomeappliances/public_html/app/code/send/sms/Block/sendsms.php on line 146
[11-Nov-2017 09:26:47 UTC] PHP Fatal error:  Cannot declare class Wallet\Payment\Model\Friend, because the name is already in use in /home/rkhomeappliances/public_html/app/code/Wallet/Payment/Model/Cashback.php on line 0
[11-Nov-2017 10:04:17 UTC] PHP Fatal error:  Cannot declare class Wallet\Payment\Model\Friend, because the name is already in use in /home/rkhomeappliances/public_html/app/code/Wallet/Payment/Model/Cashback.php on line 0
[11-Nov-2017 10:50:23 UTC] PHP Fatal error:  Cannot declare class Wallet\Payment\Model\Friend, because the name is already in use in /home/rkhomeappliances/public_html/app/code/Wallet/Payment/Model/Cashback.php on line 0
[11-Nov-2017 10:52:14 UTC] PHP Fatal error:  Cannot declare class Wallet\Payment\Model\Friend, because the name is already in use in /home/rkhomeappliances/public_html/app/code/Wallet/Payment/Model/Cashback.php on line 0
[11-Nov-2017 11:41:03 UTC] PHP Fatal error:  Cannot declare class Wallet\Payment\Model\Friend, because the name is already in use in /home/rkhomeappliances/public_html/app/code/Wallet/Payment/Model/Cashback.php on line 0
[11-Nov-2017 11:43:58 UTC] PHP Fatal error:  Namespace declaration statement has to be the very first statement or after any declare call in the script in /home/rkhomeappliances/public_html/app/code/Wallet/Payment/Controller/Index/Index.php on line 65
[11-Nov-2017 11:46:28 UTC] PHP Fatal error:  Namespace declaration statement has to be the very first statement or after any declare call in the script in /home/rkhomeappliances/public_html/app/code/Wallet/Payment/Controller/Index/Index.php on line 4
[11-Nov-2017 12:08:24 UTC] PHP Fatal error:  Cannot declare class Wallet\Payment\Block\Display\Hello, because the name is already in use in /home/rkhomeappliances/public_html/app/code/Wallet/Payment/Block/Display/Display.php on line 0
[11-Nov-2017 12:08:59 UTC] PHP Fatal error:  Cannot declare class Wallet\Payment\Block\Display\Hello, because the name is already in use in /home/rkhomeappliances/public_html/app/code/Wallet/Payment/Block/Display/Display.php on line 0
[11-Nov-2017 12:09:32 UTC] PHP Fatal error:  Cannot declare class Wallet\Payment\Block\Display\Hello, because the name is already in use in /home/rkhomeappliances/public_html/app/code/Wallet/Payment/Block/Display/Display.php on line 0
[11-Nov-2017 12:10:29 UTC] PHP Fatal error:  Cannot declare class Wallet\Payment\Block\Display\Hello, because the name is already in use in /home/rkhomeappliances/public_html/app/code/Wallet/Payment/Block/Display/Display.php on line 0
[11-Nov-2017 12:11:51 UTC] PHP Fatal error:  Cannot declare class Wallet\Payment\Block\Display\Hello, because the name is already in use in /home/rkhomeappliances/public_html/app/code/Wallet/Payment/Block/Display/Display.php on line 0
[11-Nov-2017 12:11:59 UTC] PHP Fatal error:  Cannot declare class Wallet\Payment\Block\Display\Hello, because the name is already in use in /home/rkhomeappliances/public_html/app/code/Wallet/Payment/Block/Display/Display.php on line 0
[11-Nov-2017 12:12:05 UTC] PHP Fatal error:  Cannot declare class Wallet\Payment\Block\Display\Hello, because the name is already in use in /home/rkhomeappliances/public_html/app/code/Wallet/Payment/Block/Display/Display.php on line 0
[11-Nov-2017 15:45:20 UTC] PHP Parse error:  syntax error, unexpected '}', expecting end of file in /home/rkhomeappliances/public_html/app/code/Scheme/Category/Controller/Adminhtml/Index/Index.php on line 54
[11-Nov-2017 15:45:27 UTC] PHP Parse error:  syntax error, unexpected '}', expecting end of file in /home/rkhomeappliances/public_html/app/code/Scheme/Category/Controller/Adminhtml/Index/Index.php on line 54
[11-Nov-2017 15:45:35 UTC] PHP Parse error:  syntax error, unexpected '}', expecting end of file in /home/rkhomeappliances/public_html/app/code/Scheme/Category/Controller/Adminhtml/Index/Index.php on line 54
[14-Nov-2017 07:52:04 UTC] PHP Fatal error:  Uncaught Error: Call to a member function getComment() on null in /home/rkhomeappliances/public_html/vendor/magento/module-checkout/view/frontend/templates/onepage.phtml:54
Stack trace:
#0 /home/rkhomeappliances/public_html/vendor/magento/framework/View/TemplateEngine/Php.php(59): include()
#1 /home/rkhomeappliances/public_html/vendor/magento/framework/View/Element/Template.php(255): Magento\Framework\View\TemplateEngine\Php->render(Object(Magento\Checkout\Block\Onepage), '/home/rkhomeapp...', Array)
#2 /home/rkhomeappliances/public_html/vendor/magento/framework/View/Element/Template.php(279): Magento\Framework\View\Element\Template->fetchView('/home/rkhomeapp...')
#3 /home/rkhomeappliances/public_html/vendor/magento/framework/View/Element/AbstractBlock.php(659): Magento\Framework\View\Element\Template->_toHtml()
#4 /home/rkhomeappliances/public_html/vendor/magento/framework/View/Layout.php(542): Magento\Framework\View\Element\AbstractBlock->toHtml()
#5 /home/rkhomeappliances/public_html/vendor/magento/framew in /home/rkhomeappliances/public_html/vendor/magento/module-checkout/view/frontend/templates/onepage.phtml on line 54
[14-Nov-2017 07:52:14 UTC] PHP Fatal error:  Uncaught Error: Call to a member function getComment() on null in /home/rkhomeappliances/public_html/vendor/magento/module-checkout/view/frontend/templates/onepage.phtml:54
Stack trace:
#0 /home/rkhomeappliances/public_html/vendor/magento/framework/View/TemplateEngine/Php.php(59): include()
#1 /home/rkhomeappliances/public_html/vendor/magento/framework/View/Element/Template.php(255): Magento\Framework\View\TemplateEngine\Php->render(Object(Magento\Checkout\Block\Onepage), '/home/rkhomeapp...', Array)
#2 /home/rkhomeappliances/public_html/vendor/magento/framework/View/Element/Template.php(279): Magento\Framework\View\Element\Template->fetchView('/home/rkhomeapp...')
#3 /home/rkhomeappliances/public_html/vendor/magento/framework/View/Element/AbstractBlock.php(659): Magento\Framework\View\Element\Template->_toHtml()
#4 /home/rkhomeappliances/public_html/vendor/magento/framework/View/Layout.php(542): Magento\Framework\View\Element\AbstractBlock->toHtml()
#5 /home/rkhomeappliances/public_html/vendor/magento/framew in /home/rkhomeappliances/public_html/vendor/magento/module-checkout/view/frontend/templates/onepage.phtml on line 54
[14-Nov-2017 07:52:31 UTC] PHP Fatal error:  Uncaught Error: Call to a member function getComment() on null in /home/rkhomeappliances/public_html/vendor/magento/module-checkout/view/frontend/templates/onepage.phtml:54
Stack trace:
#0 /home/rkhomeappliances/public_html/vendor/magento/framework/View/TemplateEngine/Php.php(59): include()
#1 /home/rkhomeappliances/public_html/vendor/magento/framework/View/Element/Template.php(255): Magento\Framework\View\TemplateEngine\Php->render(Object(Magento\Checkout\Block\Onepage), '/home/rkhomeapp...', Array)
#2 /home/rkhomeappliances/public_html/vendor/magento/framework/View/Element/Template.php(279): Magento\Framework\View\Element\Template->fetchView('/home/rkhomeapp...')
#3 /home/rkhomeappliances/public_html/vendor/magento/framework/View/Element/AbstractBlock.php(659): Magento\Framework\View\Element\Template->_toHtml()
#4 /home/rkhomeappliances/public_html/vendor/magento/framework/View/Layout.php(542): Magento\Framework\View\Element\AbstractBlock->toHtml()
#5 /home/rkhomeappliances/public_html/vendor/magento/framew in /home/rkhomeappliances/public_html/vendor/magento/module-checkout/view/frontend/templates/onepage.phtml on line 54
[15-Nov-2017 09:20:55 UTC] PHP Fatal error:  Uncaught Error: Call to a member function getMethodInstance() on null in /home/rkhomeappliances/public_html/vendor/magento/module-checkout/view/frontend/templates/onepage.phtml:55
Stack trace:
#0 /home/rkhomeappliances/public_html/vendor/magento/framework/View/TemplateEngine/Php.php(59): include()
#1 /home/rkhomeappliances/public_html/vendor/magento/framework/View/Element/Template.php(255): Magento\Framework\View\TemplateEngine\Php->render(Object(Magento\Checkout\Block\Onepage), '/home/rkhomeapp...', Array)
#2 /home/rkhomeappliances/public_html/vendor/magento/framework/View/Element/Template.php(279): Magento\Framework\View\Element\Template->fetchView('/home/rkhomeapp...')
#3 /home/rkhomeappliances/public_html/vendor/magento/framework/View/Element/AbstractBlock.php(659): Magento\Framework\View\Element\Template->_toHtml()
#4 /home/rkhomeappliances/public_html/vendor/magento/framework/View/Layout.php(542): Magento\Framework\View\Element\AbstractBlock->toHtml()
#5 /home/rkhomeappliances/public_html/vendor/magento in /home/rkhomeappliances/public_html/vendor/magento/module-checkout/view/frontend/templates/onepage.phtml on line 55
[15-Nov-2017 09:21:38 UTC] PHP Fatal error:  Uncaught Error: Call to a member function getMethodInstance() on null in /home/rkhomeappliances/public_html/vendor/magento/module-checkout/view/frontend/templates/onepage.phtml:55
Stack trace:
#0 /home/rkhomeappliances/public_html/vendor/magento/framework/View/TemplateEngine/Php.php(59): include()
#1 /home/rkhomeappliances/public_html/vendor/magento/framework/View/Element/Template.php(255): Magento\Framework\View\TemplateEngine\Php->render(Object(Magento\Checkout\Block\Onepage), '/home/rkhomeapp...', Array)
#2 /home/rkhomeappliances/public_html/vendor/magento/framework/View/Element/Template.php(279): Magento\Framework\View\Element\Template->fetchView('/home/rkhomeapp...')
#3 /home/rkhomeappliances/public_html/vendor/magento/framework/View/Element/AbstractBlock.php(659): Magento\Framework\View\Element\Template->_toHtml()
#4 /home/rkhomeappliances/public_html/vendor/magento/framework/View/Layout.php(542): Magento\Framework\View\Element\AbstractBlock->toHtml()
#5 /home/rkhomeappliances/public_html/vendor/magento in /home/rkhomeappliances/public_html/vendor/magento/module-checkout/view/frontend/templates/onepage.phtml on line 55
[15-Nov-2017 09:23:57 UTC] PHP Fatal error:  Uncaught Error: Call to a member function getMethodInstance() on null in /home/rkhomeappliances/public_html/vendor/magento/module-checkout/view/frontend/templates/onepage.phtml:55
Stack trace:
#0 /home/rkhomeappliances/public_html/vendor/magento/framework/View/TemplateEngine/Php.php(59): include()
#1 /home/rkhomeappliances/public_html/vendor/magento/framework/View/Element/Template.php(255): Magento\Framework\View\TemplateEngine\Php->render(Object(Magento\Checkout\Block\Onepage), '/home/rkhomeapp...', Array)
#2 /home/rkhomeappliances/public_html/vendor/magento/framework/View/Element/Template.php(279): Magento\Framework\View\Element\Template->fetchView('/home/rkhomeapp...')
#3 /home/rkhomeappliances/public_html/vendor/magento/framework/View/Element/AbstractBlock.php(659): Magento\Framework\View\Element\Template->_toHtml()
#4 /home/rkhomeappliances/public_html/vendor/magento/framework/View/Layout.php(542): Magento\Framework\View\Element\AbstractBlock->toHtml()
#5 /home/rkhomeappliances/public_html/vendor/magento in /home/rkhomeappliances/public_html/vendor/magento/module-checkout/view/frontend/templates/onepage.phtml on line 55
[15-Nov-2017 11:10:32 UTC] PHP Parse error:  syntax error, unexpected '<', expecting end of file in /home/rkhomeappliances/public_html/vendor/magento/module-backend/view/adminhtml/templates/page/copyright.phtml on line 30
[15-Nov-2017 11:10:36 UTC] PHP Parse error:  syntax error, unexpected '<', expecting end of file in /home/rkhomeappliances/public_html/vendor/magento/module-backend/view/adminhtml/templates/page/copyright.phtml on line 30
[15-Nov-2017 11:10:48 UTC] PHP Parse error:  syntax error, unexpected '<', expecting end of file in /home/rkhomeappliances/public_html/vendor/magento/module-backend/view/adminhtml/templates/page/copyright.phtml on line 30
[15-Nov-2017 11:11:05 UTC] PHP Parse error:  syntax error, unexpected '<', expecting end of file in /home/rkhomeappliances/public_html/vendor/magento/module-backend/view/adminhtml/templates/page/copyright.phtml on line 30
[15-Nov-2017 11:11:24 UTC] PHP Parse error:  syntax error, unexpected '<', expecting end of file in /home/rkhomeappliances/public_html/vendor/magento/module-backend/view/adminhtml/templates/page/copyright.phtml on line 30
[15-Nov-2017 11:24:48 UTC] PHP Fatal error:  Uncaught Error: Call to a member function getMethodInstance() on null in /home/rkhomeappliances/public_html/vendor/magento/module-checkout/view/frontend/templates/onepage.phtml:58
Stack trace:
#0 /home/rkhomeappliances/public_html/vendor/magento/framework/View/TemplateEngine/Php.php(59): include()
#1 /home/rkhomeappliances/public_html/vendor/magento/framework/View/Element/Template.php(255): Magento\Framework\View\TemplateEngine\Php->render(Object(Magento\Checkout\Block\Onepage), '/home/rkhomeapp...', Array)
#2 /home/rkhomeappliances/public_html/vendor/magento/framework/View/Element/Template.php(279): Magento\Framework\View\Element\Template->fetchView('/home/rkhomeapp...')
#3 /home/rkhomeappliances/public_html/vendor/magento/framework/View/Element/AbstractBlock.php(659): Magento\Framework\View\Element\Template->_toHtml()
#4 /home/rkhomeappliances/public_html/vendor/magento/framework/View/Layout.php(542): Magento\Framework\View\Element\AbstractBlock->toHtml()
#5 /home/rkhomeappliances/public_html/vendor/magento in /home/rkhomeappliances/public_html/vendor/magento/module-checkout/view/frontend/templates/onepage.phtml on line 58
[15-Nov-2017 11:26:27 UTC] PHP Fatal error:  Uncaught Error: Call to a member function getMethodInstance() on null in /home/rkhomeappliances/public_html/vendor/magento/module-checkout/view/frontend/templates/onepage.phtml:59
Stack trace:
#0 /home/rkhomeappliances/public_html/vendor/magento/framework/View/TemplateEngine/Php.php(59): include()
#1 /home/rkhomeappliances/public_html/vendor/magento/framework/View/Element/Template.php(255): Magento\Framework\View\TemplateEngine\Php->render(Object(Magento\Checkout\Block\Onepage), '/home/rkhomeapp...', Array)
#2 /home/rkhomeappliances/public_html/vendor/magento/framework/View/Element/Template.php(279): Magento\Framework\View\Element\Template->fetchView('/home/rkhomeapp...')
#3 /home/rkhomeappliances/public_html/vendor/magento/framework/View/Element/AbstractBlock.php(659): Magento\Framework\View\Element\Template->_toHtml()
#4 /home/rkhomeappliances/public_html/vendor/magento/framework/View/Layout.php(542): Magento\Framework\View\Element\AbstractBlock->toHtml()
#5 /home/rkhomeappliances/public_html/vendor/magento in /home/rkhomeappliances/public_html/vendor/magento/module-checkout/view/frontend/templates/onepage.phtml on line 59
[15-Nov-2017 11:31:14 UTC] PHP Fatal error:  Uncaught Error: Call to a member function getMethodInstance() on null in /home/rkhomeappliances/public_html/vendor/magento/module-checkout/view/frontend/templates/onepage.phtml:58
Stack trace:
#0 /home/rkhomeappliances/public_html/vendor/magento/framework/View/TemplateEngine/Php.php(59): include()
#1 /home/rkhomeappliances/public_html/vendor/magento/framework/View/Element/Template.php(255): Magento\Framework\View\TemplateEngine\Php->render(Object(Magento\Checkout\Block\Onepage), '/home/rkhomeapp...', Array)
#2 /home/rkhomeappliances/public_html/vendor/magento/framework/View/Element/Template.php(279): Magento\Framework\View\Element\Template->fetchView('/home/rkhomeapp...')
#3 /home/rkhomeappliances/public_html/vendor/magento/framework/View/Element/AbstractBlock.php(659): Magento\Framework\View\Element\Template->_toHtml()
#4 /home/rkhomeappliances/public_html/vendor/magento/framework/View/Layout.php(542): Magento\Framework\View\Element\AbstractBlock->toHtml()
#5 /home/rkhomeappliances/public_html/vendor/magento in /home/rkhomeappliances/public_html/vendor/magento/module-checkout/view/frontend/templates/onepage.phtml on line 58
[15-Nov-2017 11:47:50 UTC] PHP Fatal error:  Uncaught Error: Call to a member function getMethodInstance() on null in /home/rkhomeappliances/public_html/vendor/magento/module-checkout/view/frontend/templates/onepage.phtml:58
Stack trace:
#0 /home/rkhomeappliances/public_html/vendor/magento/framework/View/TemplateEngine/Php.php(59): include()
#1 /home/rkhomeappliances/public_html/vendor/magento/framework/View/Element/Template.php(255): Magento\Framework\View\TemplateEngine\Php->render(Object(Magento\Checkout\Block\Onepage), '/home/rkhomeapp...', Array)
#2 /home/rkhomeappliances/public_html/vendor/magento/framework/View/Element/Template.php(279): Magento\Framework\View\Element\Template->fetchView('/home/rkhomeapp...')
#3 /home/rkhomeappliances/public_html/vendor/magento/framework/View/Element/AbstractBlock.php(659): Magento\Framework\View\Element\Template->_toHtml()
#4 /home/rkhomeappliances/public_html/vendor/magento/framework/View/Layout.php(542): Magento\Framework\View\Element\AbstractBlock->toHtml()
#5 /home/rkhomeappliances/public_html/vendor/magento in /home/rkhomeappliances/public_html/vendor/magento/module-checkout/view/frontend/templates/onepage.phtml on line 58
[15-Nov-2017 11:54:33 UTC] PHP Fatal error:  Uncaught Error: Call to a member function getMethodInstance() on null in /home/rkhomeappliances/public_html/vendor/magento/module-checkout/view/frontend/templates/onepage.phtml:59
Stack trace:
#0 /home/rkhomeappliances/public_html/vendor/magento/framework/View/TemplateEngine/Php.php(59): include()
#1 /home/rkhomeappliances/public_html/vendor/magento/framework/View/Element/Template.php(255): Magento\Framework\View\TemplateEngine\Php->render(Object(Magento\Checkout\Block\Onepage), '/home/rkhomeapp...', Array)
#2 /home/rkhomeappliances/public_html/vendor/magento/framework/View/Element/Template.php(279): Magento\Framework\View\Element\Template->fetchView('/home/rkhomeapp...')
#3 /home/rkhomeappliances/public_html/vendor/magento/framework/View/Element/AbstractBlock.php(659): Magento\Framework\View\Element\Template->_toHtml()
#4 /home/rkhomeappliances/public_html/vendor/magento/framework/View/Layout.php(542): Magento\Framework\View\Element\AbstractBlock->toHtml()
#5 /home/rkhomeappliances/public_html/vendor/magento in /home/rkhomeappliances/public_html/vendor/magento/module-checkout/view/frontend/templates/onepage.phtml on line 59
[17-Nov-2017 05:28:34 UTC] PHP Fatal error:  Uncaught Error: Call to a member function getMethodInstance() on null in /home/rkhomeappliances/public_html/vendor/magento/module-checkout/view/frontend/templates/onepage.phtml:56
Stack trace:
#0 /home/rkhomeappliances/public_html/vendor/magento/framework/View/TemplateEngine/Php.php(59): include()
#1 /home/rkhomeappliances/public_html/vendor/magento/framework/View/Element/Template.php(255): Magento\Framework\View\TemplateEngine\Php->render(Object(Magento\Checkout\Block\Onepage), '/home/rkhomeapp...', Array)
#2 /home/rkhomeappliances/public_html/vendor/magento/framework/View/Element/Template.php(279): Magento\Framework\View\Element\Template->fetchView('/home/rkhomeapp...')
#3 /home/rkhomeappliances/public_html/vendor/magento/framework/View/Element/AbstractBlock.php(659): Magento\Framework\View\Element\Template->_toHtml()
#4 /home/rkhomeappliances/public_html/vendor/magento/framework/View/Layout.php(542): Magento\Framework\View\Element\AbstractBlock->toHtml()
#5 /home/rkhomeappliances/public_html/vendor/magento in /home/rkhomeappliances/public_html/vendor/magento/module-checkout/view/frontend/templates/onepage.phtml on line 56
[17-Nov-2017 05:29:10 UTC] PHP Fatal error:  Uncaught Error: Call to a member function getMethodInstance() on null in /home/rkhomeappliances/public_html/vendor/magento/module-checkout/view/frontend/templates/onepage.phtml:58
Stack trace:
#0 /home/rkhomeappliances/public_html/vendor/magento/framework/View/TemplateEngine/Php.php(59): include()
#1 /home/rkhomeappliances/public_html/vendor/magento/framework/View/Element/Template.php(255): Magento\Framework\View\TemplateEngine\Php->render(Object(Magento\Checkout\Block\Onepage), '/home/rkhomeapp...', Array)
#2 /home/rkhomeappliances/public_html/vendor/magento/framework/View/Element/Template.php(279): Magento\Framework\View\Element\Template->fetchView('/home/rkhomeapp...')
#3 /home/rkhomeappliances/public_html/vendor/magento/framework/View/Element/AbstractBlock.php(659): Magento\Framework\View\Element\Template->_toHtml()
#4 /home/rkhomeappliances/public_html/vendor/magento/framework/View/Layout.php(542): Magento\Framework\View\Element\AbstractBlock->toHtml()
#5 /home/rkhomeappliances/public_html/vendor/magento in /home/rkhomeappliances/public_html/vendor/magento/module-checkout/view/frontend/templates/onepage.phtml on line 58
[17-Nov-2017 06:16:40 UTC] PHP Fatal error:  Uncaught Error: Class 'Magento\Checkout\Block\Mage' not found in /home/rkhomeappliances/public_html/vendor/magento/module-checkout/Block/Onepage.php:173
Stack trace:
#0 /home/rkhomeappliances/public_html/vendor/magento/module-checkout/view/frontend/templates/onepage.phtml(53): Magento\Checkout\Block\Onepage->getget()
#1 /home/rkhomeappliances/public_html/vendor/magento/framework/View/TemplateEngine/Php.php(59): include('/home/rkhomeapp...')
#2 /home/rkhomeappliances/public_html/vendor/magento/framework/View/Element/Template.php(255): Magento\Framework\View\TemplateEngine\Php->render(Object(Magento\Checkout\Block\Onepage), '/home/rkhomeapp...', Array)
#3 /home/rkhomeappliances/public_html/vendor/magento/framework/View/Element/Template.php(279): Magento\Framework\View\Element\Template->fetchView('/home/rkhomeapp...')
#4 /home/rkhomeappliances/public_html/vendor/magento/framework/View/Element/AbstractBlock.php(659): Magento\Framework\View\Element\Template->_toHtml()
#5 /home/rkhomeappliances/public_html/vendor/m in /home/rkhomeappliances/public_html/vendor/magento/module-checkout/Block/Onepage.php on line 173
[17-Nov-2017 06:25:05 UTC] PHP Fatal error:  Uncaught Error: Class 'Magento\Checkout\Block\Mage' not found in /home/rkhomeappliances/public_html/vendor/magento/module-checkout/Block/Onepage.php:173
Stack trace:
#0 /home/rkhomeappliances/public_html/vendor/magento/module-checkout/view/frontend/templates/onepage.phtml(53): Magento\Checkout\Block\Onepage->getget()
#1 /home/rkhomeappliances/public_html/vendor/magento/framework/View/TemplateEngine/Php.php(59): include('/home/rkhomeapp...')
#2 /home/rkhomeappliances/public_html/vendor/magento/framework/View/Element/Template.php(255): Magento\Framework\View\TemplateEngine\Php->render(Object(Magento\Checkout\Block\Onepage), '/home/rkhomeapp...', Array)
#3 /home/rkhomeappliances/public_html/vendor/magento/framework/View/Element/Template.php(279): Magento\Framework\View\Element\Template->fetchView('/home/rkhomeapp...')
#4 /home/rkhomeappliances/public_html/vendor/magento/framework/View/Element/AbstractBlock.php(659): Magento\Framework\View\Element\Template->_toHtml()
#5 /home/rkhomeappliances/public_html/vendor/m in /home/rkhomeappliances/public_html/vendor/magento/module-checkout/Block/Onepage.php on line 173
[17-Nov-2017 07:19:04 UTC] PHP Fatal error:  Uncaught Error: Class 'Magento\Checkout\Block\Mage' not found in /home/rkhomeappliances/public_html/vendor/magento/module-checkout/Block/Onepage.php:196
Stack trace:
#0 /home/rkhomeappliances/public_html/vendor/magento/module-checkout/view/frontend/templates/onepage.phtml(53): Magento\Checkout\Block\Onepage->getget()
#1 /home/rkhomeappliances/public_html/vendor/magento/framework/View/TemplateEngine/Php.php(59): include('/home/rkhomeapp...')
#2 /home/rkhomeappliances/public_html/vendor/magento/framework/View/Element/Template.php(255): Magento\Framework\View\TemplateEngine\Php->render(Object(Magento\Checkout\Block\Onepage), '/home/rkhomeapp...', Array)
#3 /home/rkhomeappliances/public_html/vendor/magento/framework/View/Element/Template.php(279): Magento\Framework\View\Element\Template->fetchView('/home/rkhomeapp...')
#4 /home/rkhomeappliances/public_html/vendor/magento/framework/View/Element/AbstractBlock.php(659): Magento\Framework\View\Element\Template->_toHtml()
#5 /home/rkhomeappliances/public_html/vendor/m in /home/rkhomeappliances/public_html/vendor/magento/module-checkout/Block/Onepage.php on line 196
[17-Nov-2017 07:51:19 UTC] PHP Fatal error:  Uncaught Error: Class 'Magento\Checkout\Block\Mage' not found in /home/rkhomeappliances/public_html/vendor/magento/module-checkout/Block/Onepage.php:195
Stack trace:
#0 /home/rkhomeappliances/public_html/vendor/magento/module-checkout/view/frontend/templates/onepage.phtml(53): Magento\Checkout\Block\Onepage->getget()
#1 /home/rkhomeappliances/public_html/vendor/magento/framework/View/TemplateEngine/Php.php(59): include('/home/rkhomeapp...')
#2 /home/rkhomeappliances/public_html/vendor/magento/framework/View/Element/Template.php(255): Magento\Framework\View\TemplateEngine\Php->render(Object(Magento\Checkout\Block\Onepage), '/home/rkhomeapp...', Array)
#3 /home/rkhomeappliances/public_html/vendor/magento/framework/View/Element/Template.php(279): Magento\Framework\View\Element\Template->fetchView('/home/rkhomeapp...')
#4 /home/rkhomeappliances/public_html/vendor/magento/framework/View/Element/AbstractBlock.php(659): Magento\Framework\View\Element\Template->_toHtml()
#5 /home/rkhomeappliances/public_html/vendor/m in /home/rkhomeappliances/public_html/vendor/magento/module-checkout/Block/Onepage.php on line 195
[17-Nov-2017 08:14:26 UTC] PHP Fatal error:  Uncaught Error: Call to a member function getTitle() on null in /home/rkhomeappliances/public_html/vendor/magento/module-checkout/Block/Onepage.php:207
Stack trace:
#0 /home/rkhomeappliances/public_html/vendor/magento/module-checkout/view/frontend/templates/onepage.phtml(53): Magento\Checkout\Block\Onepage->getget()
#1 /home/rkhomeappliances/public_html/vendor/magento/framework/View/TemplateEngine/Php.php(59): include('/home/rkhomeapp...')
#2 /home/rkhomeappliances/public_html/vendor/magento/framework/View/Element/Template.php(255): Magento\Framework\View\TemplateEngine\Php->render(Object(Magento\Checkout\Block\Onepage), '/home/rkhomeapp...', Array)
#3 /home/rkhomeappliances/public_html/vendor/magento/framework/View/Element/Template.php(279): Magento\Framework\View\Element\Template->fetchView('/home/rkhomeapp...')
#4 /home/rkhomeappliances/public_html/vendor/magento/framework/View/Element/AbstractBlock.php(659): Magento\Framework\View\Element\Template->_toHtml()
#5 /home/rkhomeappliances/public_html/vendor/ma in /home/rkhomeappliances/public_html/vendor/magento/module-checkout/Block/Onepage.php on line 207
[17-Nov-2017 08:19:25 UTC] PHP Fatal error:  Uncaught Error: Call to a member function getCode() on null in /home/rkhomeappliances/public_html/vendor/magento/module-checkout/Block/Onepage.php:207
Stack trace:
#0 /home/rkhomeappliances/public_html/vendor/magento/module-checkout/view/frontend/templates/onepage.phtml(53): Magento\Checkout\Block\Onepage->getget()
#1 /home/rkhomeappliances/public_html/vendor/magento/framework/View/TemplateEngine/Php.php(59): include('/home/rkhomeapp...')
#2 /home/rkhomeappliances/public_html/vendor/magento/framework/View/Element/Template.php(255): Magento\Framework\View\TemplateEngine\Php->render(Object(Magento\Checkout\Block\Onepage), '/home/rkhomeapp...', Array)
#3 /home/rkhomeappliances/public_html/vendor/magento/framework/View/Element/Template.php(279): Magento\Framework\View\Element\Template->fetchView('/home/rkhomeapp...')
#4 /home/rkhomeappliances/public_html/vendor/magento/framework/View/Element/AbstractBlock.php(659): Magento\Framework\View\Element\Template->_toHtml()
#5 /home/rkhomeappliances/public_html/vendor/mag in /home/rkhomeappliances/public_html/vendor/magento/module-checkout/Block/Onepage.php on line 207
[17-Nov-2017 08:19:54 UTC] PHP Fatal error:  Uncaught Error: Call to a member function getCode() on null in /home/rkhomeappliances/public_html/vendor/magento/module-checkout/Block/Onepage.php:207
Stack trace:
#0 /home/rkhomeappliances/public_html/vendor/magento/module-checkout/view/frontend/templates/onepage.phtml(53): Magento\Checkout\Block\Onepage->getget()
#1 /home/rkhomeappliances/public_html/vendor/magento/framework/View/TemplateEngine/Php.php(59): include('/home/rkhomeapp...')
#2 /home/rkhomeappliances/public_html/vendor/magento/framework/View/Element/Template.php(255): Magento\Framework\View\TemplateEngine\Php->render(Object(Magento\Checkout\Block\Onepage), '/home/rkhomeapp...', Array)
#3 /home/rkhomeappliances/public_html/vendor/magento/framework/View/Element/Template.php(279): Magento\Framework\View\Element\Template->fetchView('/home/rkhomeapp...')
#4 /home/rkhomeappliances/public_html/vendor/magento/framework/View/Element/AbstractBlock.php(659): Magento\Framework\View\Element\Template->_toHtml()
#5 /home/rkhomeappliances/public_html/vendor/mag in /home/rkhomeappliances/public_html/vendor/magento/module-checkout/Block/Onepage.php on line 207
[17-Nov-2017 08:28:49 UTC] PHP Fatal error:  Uncaught Error: Call to a member function getCode() on null in /home/rkhomeappliances/public_html/vendor/magento/module-checkout/Block/Onepage.php:208
Stack trace:
#0 /home/rkhomeappliances/public_html/vendor/magento/module-checkout/view/frontend/templates/onepage.phtml(53): Magento\Checkout\Block\Onepage->getget()
#1 /home/rkhomeappliances/public_html/vendor/magento/framework/View/TemplateEngine/Php.php(59): include('/home/rkhomeapp...')
#2 /home/rkhomeappliances/public_html/vendor/magento/framework/View/Element/Template.php(255): Magento\Framework\View\TemplateEngine\Php->render(Object(Magento\Checkout\Block\Onepage), '/home/rkhomeapp...', Array)
#3 /home/rkhomeappliances/public_html/vendor/magento/framework/View/Element/Template.php(279): Magento\Framework\View\Element\Template->fetchView('/home/rkhomeapp...')
#4 /home/rkhomeappliances/public_html/vendor/magento/framework/View/Element/AbstractBlock.php(659): Magento\Framework\View\Element\Template->_toHtml()
#5 /home/rkhomeappliances/public_html/vendor/mag in /home/rkhomeappliances/public_html/vendor/magento/module-checkout/Block/Onepage.php on line 208
[17-Nov-2017 08:29:42 UTC] PHP Fatal error:  Uncaught Error: Call to a member function getCode() on null in /home/rkhomeappliances/public_html/vendor/magento/module-checkout/Block/Onepage.php:208
Stack trace:
#0 /home/rkhomeappliances/public_html/vendor/magento/module-checkout/view/frontend/templates/onepage.phtml(53): Magento\Checkout\Block\Onepage->getget()
#1 /home/rkhomeappliances/public_html/vendor/magento/framework/View/TemplateEngine/Php.php(59): include('/home/rkhomeapp...')
#2 /home/rkhomeappliances/public_html/vendor/magento/framework/View/Element/Template.php(255): Magento\Framework\View\TemplateEngine\Php->render(Object(Magento\Checkout\Block\Onepage), '/home/rkhomeapp...', Array)
#3 /home/rkhomeappliances/public_html/vendor/magento/framework/View/Element/Template.php(279): Magento\Framework\View\Element\Template->fetchView('/home/rkhomeapp...')
#4 /home/rkhomeappliances/public_html/vendor/magento/framework/View/Element/AbstractBlock.php(659): Magento\Framework\View\Element\Template->_toHtml()
#5 /home/rkhomeappliances/public_html/vendor/mag in /home/rkhomeappliances/public_html/vendor/magento/module-checkout/Block/Onepage.php on line 208
[17-Nov-2017 08:46:45 UTC] PHP Fatal error:  Uncaught Error: Call to a member function getCode() on null in /home/rkhomeappliances/public_html/vendor/magento/module-checkout/Block/Onepage.php:208
Stack trace:
#0 /home/rkhomeappliances/public_html/vendor/magento/module-checkout/view/frontend/templates/onepage.phtml(53): Magento\Checkout\Block\Onepage->getget()
#1 /home/rkhomeappliances/public_html/vendor/magento/framework/View/TemplateEngine/Php.php(59): include('/home/rkhomeapp...')
#2 /home/rkhomeappliances/public_html/vendor/magento/framework/View/Element/Template.php(255): Magento\Framework\View\TemplateEngine\Php->render(Object(Magento\Checkout\Block\Onepage), '/home/rkhomeapp...', Array)
#3 /home/rkhomeappliances/public_html/vendor/magento/framework/View/Element/Template.php(279): Magento\Framework\View\Element\Template->fetchView('/home/rkhomeapp...')
#4 /home/rkhomeappliances/public_html/vendor/magento/framework/View/Element/AbstractBlock.php(659): Magento\Framework\View\Element\Template->_toHtml()
#5 /home/rkhomeappliances/public_html/vendor/mag in /home/rkhomeappliances/public_html/vendor/magento/module-checkout/Block/Onepage.php on line 208
[17-Nov-2017 08:48:50 UTC] PHP Fatal error:  Uncaught Error: Call to undefined method Mageplaza\BetterSlider\Model\ResourceModel\Banner\Grid\Collection::_getAllIdsSelect() in /home/rkhomeappliances/public_html/app/code/Mageplaza/BetterSlider/Model/ResourceModel/Banner/Grid/Collection.php:92
Stack trace:
#0 /home/rkhomeappliances/public_html/vendor/magento/module-ui/Component/MassAction/Filter.php(238): Mageplaza\BetterSlider\Model\ResourceModel\Banner\Grid\Collection->getAllIds()
#1 /home/rkhomeappliances/public_html/vendor/magento/module-ui/Component/MassAction/Filter.php(104): Magento\Ui\Component\MassAction\Filter->getFilterIds()
#2 /home/rkhomeappliances/public_html/app/code/Mageplaza/BetterSlider/Controller/Adminhtml/Banner/MassDelete.php(60): Magento\Ui\Component\MassAction\Filter->getCollection(Object(Mageplaza\BetterSlider\Model\ResourceModel\Banner\Collection))
#3 /home/rkhomeappliances/public_html/var/generation/Mageplaza/BetterSlider/Controller/Adminhtml/Banner/MassDelete/Interceptor.php(24): Mageplaza\BetterSlider\Controller\Adminhtml\Banner in /home/rkhomeappliances/public_html/app/code/Mageplaza/BetterSlider/Model/ResourceModel/Banner/Grid/Collection.php on line 92
[17-Nov-2017 11:51:18 UTC] PHP Fatal error:  Namespace declaration statement has to be the very first statement or after any declare call in the script in /home/rkhomeappliances/public_html/app/code/send/sms/Setup/InstallData.php on line 2
[17-Nov-2017 12:00:51 UTC] PHP Fatal error:  Declaration of send\sms\Observer\RegisterCustomer::execute(send\sms\Observer\Observer $observer) must be compatible with Magento\Framework\Event\ObserverInterface::execute(Magento\Framework\Event\Observer $observer) in /home/rkhomeappliances/public_html/app/code/send/sms/Observer/RegisterCustomer.php on line 8
[17-Nov-2017 12:01:27 UTC] PHP Fatal error:  Declaration of send\sms\Observer\RegisterCustomer::execute(send\sms\Observer\Observer $observer) must be compatible with Magento\Framework\Event\ObserverInterface::execute(Magento\Framework\Event\Observer $observer) in /home/rkhomeappliances/public_html/app/code/send/sms/Observer/RegisterCustomer.php on line 8
[17-Nov-2017 12:05:31 UTC] PHP Fatal error:  Declaration of send\sms\Observer\RegisterCustomer::execute(send\sms\Observer\Observer $observer) must be compatible with Magento\Framework\Event\ObserverInterface::execute(Magento\Framework\Event\Observer $observer) in /home/rkhomeappliances/public_html/app/code/send/sms/Observer/RegisterCustomer.php on line 8
[17-Nov-2017 12:05:55 UTC] PHP Fatal error:  Declaration of send\sms\Observer\RegisterCustomer::execute(send\sms\Observer\Observer $observer) must be compatible with Magento\Framework\Event\ObserverInterface::execute(Magento\Framework\Event\Observer $observer) in /home/rkhomeappliances/public_html/app/code/send/sms/Observer/RegisterCustomer.php on line 8
[17-Nov-2017 12:16:04 UTC] PHP Fatal error:  Declaration of send\sms\Observer\RegisterCustomer::execute(send\sms\Observer\Observer $observer) must be compatible with Magento\Framework\Event\ObserverInterface::execute(Magento\Framework\Event\Observer $observer) in /home/rkhomeappliances/public_html/app/code/send/sms/Observer/RegisterCustomer.php on line 8
[17-Nov-2017 12:55:07 UTC] PHP Fatal error:  Namespace declaration statement has to be the very first statement or after any declare call in the script in /home/rkhomeappliances/public_html/app/code/send/sms/Setup/InstallData.php on line 2
[17-Nov-2017 12:55:18 UTC] PHP Fatal error:  Namespace declaration statement has to be the very first statement or after any declare call in the script in /home/rkhomeappliances/public_html/app/code/send/sms/Setup/InstallData.php on line 2
[17-Nov-2017 12:55:40 UTC] PHP Fatal error:  Namespace declaration statement has to be the very first statement or after any declare call in the script in /home/rkhomeappliances/public_html/app/code/send/sms/Setup/InstallData.php on line 2
[17-Nov-2017 12:58:13 UTC] PHP Warning:  Unterminated comment starting line 2 in /home/rkhomeappliances/public_html/app/code/send/sms/Observer/Register.php on line 2
[17-Nov-2017 12:59:01 UTC] PHP Warning:  Unterminated comment starting line 2 in /home/rkhomeappliances/public_html/app/code/send/sms/Observer/Register.php on line 2
[17-Nov-2017 12:59:21 UTC] PHP Warning:  Unterminated comment starting line 2 in /home/rkhomeappliances/public_html/app/code/send/sms/Observer/Register.php on line 2
[17-Nov-2017 13:00:37 UTC] PHP Warning:  Unterminated comment starting line 2 in /home/rkhomeappliances/public_html/app/code/send/sms/Observer/Register.php on line 2
[17-Nov-2017 13:01:07 UTC] PHP Warning:  Unterminated comment starting line 2 in /home/rkhomeappliances/public_html/app/code/send/sms/Observer/Register.php on line 2
[17-Nov-2017 13:01:46 UTC] PHP Warning:  Unterminated comment starting line 2 in /home/rkhomeappliances/public_html/app/code/send/sms/Observer/Register.php on line 2
[17-Nov-2017 13:11:32 UTC] PHP Warning:  Unterminated comment starting line 2 in /home/rkhomeappliances/public_html/app/code/send/sms/Observer/Register.php on line 2
[17-Nov-2017 13:12:17 UTC] PHP Warning:  Unterminated comment starting line 2 in /home/rkhomeappliances/public_html/app/code/send/sms/Observer/Register.php on line 2
[17-Nov-2017 13:12:36 UTC] PHP Warning:  Unterminated comment starting line 27 in /home/rkhomeappliances/public_html/app/code/send/sms/Plugin/Redirect.php on line 27
[17-Nov-2017 13:22:22 UTC] PHP Warning:  Unterminated comment starting line 27 in /home/rkhomeappliances/public_html/app/code/send/sms/Plugin/Redirect.php on line 27
[17-Nov-2017 13:22:22 UTC] PHP Parse error:  syntax error, unexpected end of file in /home/rkhomeappliances/public_html/app/code/send/sms/Plugin/Redirect.php on line 35
[17-Nov-2017 14:03:25 UTC] PHP Fatal error:  Declaration of send\sms\Observer\RegisterCustomer::execute(send\sms\Observer\Observer $observer) must be compatible with Magento\Framework\Event\ObserverInterface::execute(Magento\Framework\Event\Observer $observer) in /home/rkhomeappliances/public_html/app/code/send/sms/Observer/RegisterCustomer.php on line 8
[17-Nov-2017 14:07:54 UTC] PHP Fatal error:  Declaration of send\sms\Observer\RegisterCustomer::execute(send\sms\Observer\Observer $observer) must be compatible with Magento\Framework\Event\ObserverInterface::execute(Magento\Framework\Event\Observer $observer) in /home/rkhomeappliances/public_html/app/code/send/sms/Observer/RegisterCustomer.php on line 8
[17-Nov-2017 14:22:14 UTC] PHP Fatal error:  Declaration of send\sms\Observer\RegisterCustomer::execute(send\sms\Observer\Observer $observer) must be compatible with Magento\Framework\Event\ObserverInterface::execute(Magento\Framework\Event\Observer $observer) in /home/rkhomeappliances/public_html/app/code/send/sms/Observer/RegisterCustomer.php on line 8
[17-Nov-2017 14:41:52 UTC] PHP Fatal error:  Declaration of send\sms\Observer\RegisterCustomer::execute(send\sms\Observer\Observer $observer) must be compatible with Magento\Framework\Event\ObserverInterface::execute(Magento\Framework\Event\Observer $observer) in /home/rkhomeappliances/public_html/app/code/send/sms/Observer/RegisterCustomer.php on line 8
[17-Nov-2017 14:42:36 UTC] PHP Fatal error:  Declaration of send\sms\Observer\RegisterCustomer::execute(send\sms\Observer\Observer $observer) must be compatible with Magento\Framework\Event\ObserverInterface::execute(Magento\Framework\Event\Observer $observer) in /home/rkhomeappliances/public_html/app/code/send/sms/Observer/RegisterCustomer.php on line 8
[17-Nov-2017 19:26:08 UTC] PHP Parse error:  syntax error, unexpected 'echo' (T_ECHO) in /home/rkhomeappliances/public_html/app/code/send/sms/view/frontend/templates/add_company_name_to_client.phtml on line 15
[17-Nov-2017 19:26:15 UTC] PHP Parse error:  syntax error, unexpected 'echo' (T_ECHO) in /home/rkhomeappliances/public_html/app/code/send/sms/view/frontend/templates/add_company_name_to_client.phtml on line 15
[17-Nov-2017 20:21:04 UTC] PHP Fatal error:  Namespace declaration statement has to be the very first statement or after any declare call in the script in /home/rkhomeappliances/public_html/app/code/send/sms/Setup/InstallData.php on line 2
[18-Nov-2017 09:27:12 UTC] PHP Fatal error:  Cannot declare class send\sms\Block\mobileverification, because the name is already in use in /home/rkhomeappliances/public_html/app/code/send/sms/Block/otpverification.php on line 0
[18-Nov-2017 09:27:20 UTC] PHP Fatal error:  Cannot declare class send\sms\Block\mobileverification, because the name is already in use in /home/rkhomeappliances/public_html/app/code/send/sms/Block/otpverification.php on line 0
[18-Nov-2017 09:27:39 UTC] PHP Fatal error:  Cannot declare class send\sms\Block\mobileverification, because the name is already in use in /home/rkhomeappliances/public_html/app/code/send/sms/Block/otpverification.php on line 0
[18-Nov-2017 09:27:48 UTC] PHP Fatal error:  Cannot declare class send\sms\Block\mobileverification, because the name is already in use in /home/rkhomeappliances/public_html/app/code/send/sms/Block/otpverification.php on line 0
[18-Nov-2017 09:28:19 UTC] PHP Fatal error:  Cannot declare class send\sms\Block\mobileverification, because the name is already in use in /home/rkhomeappliances/public_html/app/code/send/sms/Block/otpverification.php on line 0
[18-Nov-2017 10:23:20 UTC] PHP Fatal error:  Uncaught Error: Class 'send\sms\Block\Mage' not found in /home/rkhomeappliances/public_html/app/code/send/sms/Block/mobileverification.php:87
Stack trace:
#0 /home/rkhomeappliances/public_html/app/code/send/sms/view/frontend/templates/mobileverification.phtml(8): send\sms\Block\mobileverification->checkotp()
#1 /home/rkhomeappliances/public_html/vendor/magento/framework/View/TemplateEngine/Php.php(59): include('/home/rkhomeapp...')
#2 /home/rkhomeappliances/public_html/vendor/magento/framework/View/Element/Template.php(255): Magento\Framework\View\TemplateEngine\Php->render(Object(send\sms\Block\mobileverification), '/home/rkhomeapp...', Array)
#3 /home/rkhomeappliances/public_html/vendor/magento/framework/View/Element/Template.php(279): Magento\Framework\View\Element\Template->fetchView('/home/rkhomeapp...')
#4 /home/rkhomeappliances/public_html/vendor/magento/framework/View/Element/AbstractBlock.php(659): Magento\Framework\View\Element\Template->_toHtml()
#5 /home/rkhomeappliances/public_html/vendor/magento in /home/rkhomeappliances/public_html/app/code/send/sms/Block/mobileverification.php on line 87
[18-Nov-2017 10:24:28 UTC] PHP Fatal error:  Uncaught Error: Class 'send\sms\Block\Mage' not found in /home/rkhomeappliances/public_html/app/code/send/sms/Block/mobileverification.php:90
Stack trace:
#0 /home/rkhomeappliances/public_html/app/code/send/sms/view/frontend/templates/mobileverification.phtml(8): send\sms\Block\mobileverification->checkotp()
#1 /home/rkhomeappliances/public_html/vendor/magento/framework/View/TemplateEngine/Php.php(59): include('/home/rkhomeapp...')
#2 /home/rkhomeappliances/public_html/vendor/magento/framework/View/Element/Template.php(255): Magento\Framework\View\TemplateEngine\Php->render(Object(send\sms\Block\mobileverification), '/home/rkhomeapp...', Array)
#3 /home/rkhomeappliances/public_html/vendor/magento/framework/View/Element/Template.php(279): Magento\Framework\View\Element\Template->fetchView('/home/rkhomeapp...')
#4 /home/rkhomeappliances/public_html/vendor/magento/framework/View/Element/AbstractBlock.php(659): Magento\Framework\View\Element\Template->_toHtml()
#5 /home/rkhomeappliances/public_html/vendor/magento in /home/rkhomeappliances/public_html/app/code/send/sms/Block/mobileverification.php on line 90
[18-Nov-2017 10:26:45 UTC] PHP Fatal error:  Uncaught Error: Class 'send\sms\Block\Mage' not found in /home/rkhomeappliances/public_html/app/code/send/sms/Block/mobileverification.php:90
Stack trace:
#0 /home/rkhomeappliances/public_html/app/code/send/sms/view/frontend/templates/mobileverification.phtml(8): send\sms\Block\mobileverification->checkotp()
#1 /home/rkhomeappliances/public_html/vendor/magento/framework/View/TemplateEngine/Php.php(59): include('/home/rkhomeapp...')
#2 /home/rkhomeappliances/public_html/vendor/magento/framework/View/Element/Template.php(255): Magento\Framework\View\TemplateEngine\Php->render(Object(send\sms\Block\mobileverification), '/home/rkhomeapp...', Array)
#3 /home/rkhomeappliances/public_html/vendor/magento/framework/View/Element/Template.php(279): Magento\Framework\View\Element\Template->fetchView('/home/rkhomeapp...')
#4 /home/rkhomeappliances/public_html/vendor/magento/framework/View/Element/AbstractBlock.php(659): Magento\Framework\View\Element\Template->_toHtml()
#5 /home/rkhomeappliances/public_html/vendor/magento in /home/rkhomeappliances/public_html/app/code/send/sms/Block/mobileverification.php on line 90
[18-Nov-2017 10:29:05 UTC] PHP Fatal error:  Uncaught Error: Class 'send\sms\Block\Mage' not found in /home/rkhomeappliances/public_html/app/code/send/sms/Block/mobileverification.php:87
Stack trace:
#0 /home/rkhomeappliances/public_html/app/code/send/sms/view/frontend/templates/mobileverification.phtml(8): send\sms\Block\mobileverification->checkotp()
#1 /home/rkhomeappliances/public_html/vendor/magento/framework/View/TemplateEngine/Php.php(59): include('/home/rkhomeapp...')
#2 /home/rkhomeappliances/public_html/vendor/magento/framework/View/Element/Template.php(255): Magento\Framework\View\TemplateEngine\Php->render(Object(send\sms\Block\mobileverification), '/home/rkhomeapp...', Array)
#3 /home/rkhomeappliances/public_html/vendor/magento/framework/View/Element/Template.php(279): Magento\Framework\View\Element\Template->fetchView('/home/rkhomeapp...')
#4 /home/rkhomeappliances/public_html/vendor/magento/framework/View/Element/AbstractBlock.php(659): Magento\Framework\View\Element\Template->_toHtml()
#5 /home/rkhomeappliances/public_html/vendor/magento in /home/rkhomeappliances/public_html/app/code/send/sms/Block/mobileverification.php on line 87
[18-Nov-2017 10:29:46 UTC] PHP Fatal error:  Uncaught Error: Class 'send\sms\Block\Mage' not found in /home/rkhomeappliances/public_html/app/code/send/sms/Block/mobileverification.php:87
Stack trace:
#0 /home/rkhomeappliances/public_html/app/code/send/sms/view/frontend/templates/mobileverification.phtml(8): send\sms\Block\mobileverification->checkotp()
#1 /home/rkhomeappliances/public_html/vendor/magento/framework/View/TemplateEngine/Php.php(59): include('/home/rkhomeapp...')
#2 /home/rkhomeappliances/public_html/vendor/magento/framework/View/Element/Template.php(255): Magento\Framework\View\TemplateEngine\Php->render(Object(send\sms\Block\mobileverification), '/home/rkhomeapp...', Array)
#3 /home/rkhomeappliances/public_html/vendor/magento/framework/View/Element/Template.php(279): Magento\Framework\View\Element\Template->fetchView('/home/rkhomeapp...')
#4 /home/rkhomeappliances/public_html/vendor/magento/framework/View/Element/AbstractBlock.php(659): Magento\Framework\View\Element\Template->_toHtml()
#5 /home/rkhomeappliances/public_html/vendor/magento in /home/rkhomeappliances/public_html/app/code/send/sms/Block/mobileverification.php on line 87
[18-Nov-2017 10:30:14 UTC] PHP Fatal error:  Uncaught Error: Class 'send\sms\Block\Mage' not found in /home/rkhomeappliances/public_html/app/code/send/sms/Block/mobileverification.php:87
Stack trace:
#0 /home/rkhomeappliances/public_html/app/code/send/sms/view/frontend/templates/mobileverification.phtml(8): send\sms\Block\mobileverification->checkotp()
#1 /home/rkhomeappliances/public_html/vendor/magento/framework/View/TemplateEngine/Php.php(59): include('/home/rkhomeapp...')
#2 /home/rkhomeappliances/public_html/vendor/magento/framework/View/Element/Template.php(255): Magento\Framework\View\TemplateEngine\Php->render(Object(send\sms\Block\mobileverification), '/home/rkhomeapp...', Array)
#3 /home/rkhomeappliances/public_html/vendor/magento/framework/View/Element/Template.php(279): Magento\Framework\View\Element\Template->fetchView('/home/rkhomeapp...')
#4 /home/rkhomeappliances/public_html/vendor/magento/framework/View/Element/AbstractBlock.php(659): Magento\Framework\View\Element\Template->_toHtml()
#5 /home/rkhomeappliances/public_html/vendor/magento in /home/rkhomeappliances/public_html/app/code/send/sms/Block/mobileverification.php on line 87
[18-Nov-2017 10:30:27 UTC] PHP Fatal error:  Uncaught Error: Class 'send\sms\Block\Mage' not found in /home/rkhomeappliances/public_html/app/code/send/sms/Block/mobileverification.php:90
Stack trace:
#0 /home/rkhomeappliances/public_html/app/code/send/sms/view/frontend/templates/mobileverification.phtml(8): send\sms\Block\mobileverification->checkotp()
#1 /home/rkhomeappliances/public_html/vendor/magento/framework/View/TemplateEngine/Php.php(59): include('/home/rkhomeapp...')
#2 /home/rkhomeappliances/public_html/vendor/magento/framework/View/Element/Template.php(255): Magento\Framework\View\TemplateEngine\Php->render(Object(send\sms\Block\mobileverification), '/home/rkhomeapp...', Array)
#3 /home/rkhomeappliances/public_html/vendor/magento/framework/View/Element/Template.php(279): Magento\Framework\View\Element\Template->fetchView('/home/rkhomeapp...')
#4 /home/rkhomeappliances/public_html/vendor/magento/framework/View/Element/AbstractBlock.php(659): Magento\Framework\View\Element\Template->_toHtml()
#5 /home/rkhomeappliances/public_html/vendor/magento in /home/rkhomeappliances/public_html/app/code/send/sms/Block/mobileverification.php on line 90
[18-Nov-2017 11:02:26 UTC] PHP Fatal error:  Uncaught Error: Call to undefined method Magento\Framework\View\Element\Template\Context::getObjectManager() in /home/rkhomeappliances/public_html/app/code/send/sms/Block/mobileverification.php:20
Stack trace:
#0 /home/rkhomeappliances/public_html/vendor/magento/framework/ObjectManager/Factory/AbstractFactory.php(93): send\sms\Block\mobileverification->__construct(Object(Magento\Customer\Model\Session\Interceptor), Object(Magento\Framework\View\Element\Template\Context))
#1 /home/rkhomeappliances/public_html/vendor/magento/framework/ObjectManager/Factory/Dynamic/Developer.php(89): Magento\Framework\ObjectManager\Factory\AbstractFactory->createObject('send\\sms\\Block\\...', Array)
#2 /home/rkhomeappliances/public_html/vendor/magento/framework/ObjectManager/ObjectManager.php(57): Magento\Framework\ObjectManager\Factory\Dynamic\Developer->create('send\\sms\\Block\\...', Array)
#3 /home/rkhomeappliances/public_html/vendor/magento/framework/View/Element/BlockFactory.php(45): Magento\Framework\ObjectManager\Object in /home/rkhomeappliances/public_html/app/code/send/sms/Block/mobileverification.php on line 20
[18-Nov-2017 11:11:03 UTC] PHP Fatal error:  Uncaught TypeError: Argument 1 passed to Magento\Framework\View\Element\Template::__construct() must be an instance of Magento\Framework\View\Element\Template\Context, instance of Magento\Framework\App\Helper\Context given, called in /home/rkhomeappliances/public_html/app/code/send/sms/Block/mobileverification.php on line 18 and defined in /home/rkhomeappliances/public_html/vendor/magento/framework/View/Element/Template.php:128
Stack trace:
#0 /home/rkhomeappliances/public_html/app/code/send/sms/Block/mobileverification.php(18): Magento\Framework\View\Element\Template->__construct(Object(Magento\Framework\App\Helper\Context))
#1 /home/rkhomeappliances/public_html/vendor/magento/framework/ObjectManager/Factory/AbstractFactory.php(93): send\sms\Block\mobileverification->__construct(Object(Magento\Framework\App\Helper\Context), Object(Magento\Customer\Model\Session\Interceptor))
#2 /home/rkhomeappliances/public_html/vendor/magento/framework/ObjectManager/Factory/Dynamic/Developer.php(89): Magento\Framework\Objec in /home/rkhomeappliances/public_html/vendor/magento/framework/View/Element/Template.php on line 128
[18-Nov-2017 11:11:37 UTC] PHP Fatal error:  Uncaught TypeError: Argument 1 passed to Magento\Framework\View\Element\Template::__construct() must be an instance of Magento\Framework\View\Element\Template\Context, instance of Magento\Framework\App\Helper\Context given, called in /home/rkhomeappliances/public_html/app/code/send/sms/Block/mobileverification.php on line 18 and defined in /home/rkhomeappliances/public_html/vendor/magento/framework/View/Element/Template.php:128
Stack trace:
#0 /home/rkhomeappliances/public_html/app/code/send/sms/Block/mobileverification.php(18): Magento\Framework\View\Element\Template->__construct(Object(Magento\Framework\App\Helper\Context))
#1 /home/rkhomeappliances/public_html/vendor/magento/framework/ObjectManager/Factory/AbstractFactory.php(93): send\sms\Block\mobileverification->__construct(Object(Magento\Framework\App\Helper\Context), Object(Magento\Customer\Model\Session\Interceptor))
#2 /home/rkhomeappliances/public_html/vendor/magento/framework/ObjectManager/Factory/Dynamic/Developer.php(89): Magento\Framework\Objec in /home/rkhomeappliances/public_html/vendor/magento/framework/View/Element/Template.php on line 128
[18-Nov-2017 11:11:44 UTC] PHP Fatal error:  Uncaught TypeError: Argument 1 passed to Magento\Framework\View\Element\Template::__construct() must be an instance of Magento\Framework\View\Element\Template\Context, instance of Magento\Framework\App\Helper\Context given, called in /home/rkhomeappliances/public_html/app/code/send/sms/Block/mobileverification.php on line 18 and defined in /home/rkhomeappliances/public_html/vendor/magento/framework/View/Element/Template.php:128
Stack trace:
#0 /home/rkhomeappliances/public_html/app/code/send/sms/Block/mobileverification.php(18): Magento\Framework\View\Element\Template->__construct(Object(Magento\Framework\App\Helper\Context))
#1 /home/rkhomeappliances/public_html/vendor/magento/framework/ObjectManager/Factory/AbstractFactory.php(93): send\sms\Block\mobileverification->__construct(Object(Magento\Framework\App\Helper\Context), Object(Magento\Customer\Model\Session\Interceptor))
#2 /home/rkhomeappliances/public_html/vendor/magento/framework/ObjectManager/Factory/Dynamic/Developer.php(89): Magento\Framework\Objec in /home/rkhomeappliances/public_html/vendor/magento/framework/View/Element/Template.php on line 128
[18-Nov-2017 11:35:27 UTC] PHP Fatal error:  Uncaught Error: Call to a member function dispatch() on null in /home/rkhomeappliances/public_html/vendor/magento/framework/View/Element/AbstractBlock.php:644
Stack trace:
#0 /home/rkhomeappliances/public_html/vendor/magento/framework/View/Layout.php(542): Magento\Framework\View\Element\AbstractBlock->toHtml()
#1 /home/rkhomeappliances/public_html/vendor/magento/framework/View/Layout.php(518): Magento\Framework\View\Layout->_renderBlock('cont')
#2 /home/rkhomeappliances/public_html/var/generation/Magento/Framework/View/Layout/Interceptor.php(206): Magento\Framework\View\Layout->renderNonCachedElement('cont')
#3 /home/rkhomeappliances/public_html/vendor/magento/framework/View/Layout.php(472): Magento\Framework\View\Layout\Interceptor->renderNonCachedElement('cont')
#4 /home/rkhomeappliances/public_html/var/generation/Magento/Framework/View/Layout/Interceptor.php(193): Magento\Framework\View\Layout->renderElement('cont', true)
#5 /home/rkhomeappliances/public_html/vendor/magento/framework/View/Layout.php(569):  in /home/rkhomeappliances/public_html/vendor/magento/framework/View/Element/AbstractBlock.php on line 644
[18-Nov-2017 11:57:57 UTC] PHP Parse error:  syntax error, unexpected end of file in /home/rkhomeappliances/public_html/vendor/magento/module-checkout/view/frontend/templates/onepage.phtml on line 138
[18-Nov-2017 12:01:45 UTC] PHP Parse error:  syntax error, unexpected end of file, expecting function (T_FUNCTION) in /home/rkhomeappliances/public_html/app/code/send/sms/Block/mobileverification.php on line 126
[18-Nov-2017 12:02:06 UTC] PHP Parse error:  syntax error, unexpected end of file, expecting function (T_FUNCTION) in /home/rkhomeappliances/public_html/app/code/send/sms/Block/mobileverification.php on line 126
[18-Nov-2017 12:02:19 UTC] PHP Parse error:  syntax error, unexpected end of file, expecting function (T_FUNCTION) in /home/rkhomeappliances/public_html/app/code/send/sms/Block/mobileverification.php on line 126
[18-Nov-2017 12:02:25 UTC] PHP Parse error:  syntax error, unexpected end of file, expecting function (T_FUNCTION) in /home/rkhomeappliances/public_html/app/code/send/sms/Block/mobileverification.php on line 126
[18-Nov-2017 12:02:28 UTC] PHP Parse error:  syntax error, unexpected end of file, expecting function (T_FUNCTION) in /home/rkhomeappliances/public_html/app/code/send/sms/Block/mobileverification.php on line 126
[18-Nov-2017 12:02:33 UTC] PHP Parse error:  syntax error, unexpected end of file, expecting function (T_FUNCTION) in /home/rkhomeappliances/public_html/app/code/send/sms/Block/mobileverification.php on line 126
[18-Nov-2017 12:02:48 UTC] PHP Parse error:  syntax error, unexpected end of file, expecting function (T_FUNCTION) in /home/rkhomeappliances/public_html/app/code/send/sms/Block/mobileverification.php on line 126
[18-Nov-2017 12:06:05 UTC] PHP Parse error:  syntax error, unexpected '}', expecting end of file in /home/rkhomeappliances/public_html/app/code/send/sms/Block/mobileverification.php on line 128
